Base path: 'C:/Program Files/Unity/Hub/Editor/2019.2.3f1/Editor/Data', plugins path 'C:/Program Files/Unity/Hub/Editor/2019.2.3f1/Editor/Data/PlaybackEngines'
Cmd: initializeCompiler
Cmd: compileSnippet
  api=4 type=0 insize=6538 outsize=810 kw=_NORMALMAP_TANGENT_SPACE _MASKMAP pd=UNITY_ENABLE_REFLECTION_BUFFERS UNITY_USE_DITHER_MASK_FOR_ALPHABLENDED_SHADOWS UNITY_PBS_USE_BRDF1 UNITY_SPECCUBE_BOX_PROJECTION UNITY_SPECCUBE_BLENDING UNITY_ENABLE_DETAIL_NORMALMAP SHADER_API_DESKTOP UNITY_LIGHT_PROBE_PROXY_VOLUME UNITY_LIGHTMAP_FULL_HDR ok=1
Cmd: compileSnippet
  api=4 type=1 insize=6538 outsize=262 kw=_NORMALMAP_TANGENT_SPACE _MASKMAP pd=UNITY_ENABLE_REFLECTION_BUFFERS UNITY_USE_DITHER_MASK_FOR_ALPHABLENDED_SHADOWS UNITY_PBS_USE_BRDF1 UNITY_SPECCUBE_BOX_PROJECTION UNITY_SPECCUBE_BLENDING UNITY_ENABLE_DETAIL_NORMALMAP SHADER_API_DESKTOP UNITY_LIGHT_PROBE_PROXY_VOLUME UNITY_LIGHTMAP_FULL_HDR ok=1
Cmd: preprocess
  insize=771 outsize=196 ok=1
Cmd: preprocess
  insize=118201 outsize=5941 ok=1
Cmd: preprocess
  insize=771 outsize=196 ok=1
Cmd: preprocess
  insize=3819 outsize=403 ok=1
Cmd: preprocess
  insize=771 outsize=196 ok=1
Cmd: preprocess
  insize=771 outsize=196 ok=1
Cmd: preprocess
  insize=118201 outsize=5941 ok=1
Cmd: preprocess
  insize=3819 outsize=403 ok=1
Cmd: preprocess
  insize=120628 outsize=6059 ok=1
Cmd: compileSnippet
  api=4 type=0 insize=18835 outsize=810 kw= pd=UNITY_ENABLE_REFLECTION_BUFFERS UNITY_USE_DITHER_MASK_FOR_ALPHABLENDED_SHADOWS UNITY_PBS_USE_BRDF1 UNITY_SPECCUBE_BOX_PROJECTION UNITY_SPECCUBE_BLENDING UNITY_ENABLE_DETAIL_NORMALMAP SHADER_API_DESKTOP UNITY_LIGHT_PROBE_PROXY_VOLUME UNITY_LIGHTMAP_FULL_HDR ok=1
Cmd: compileSnippet
  api=4 type=1 insize=18835 outsize=366 kw= pd=UNITY_ENABLE_REFLECTION_BUFFERS UNITY_USE_DITHER_MASK_FOR_ALPHABLENDED_SHADOWS UNITY_PBS_USE_BRDF1 UNITY_SPECCUBE_BOX_PROJECTION UNITY_SPECCUBE_BLENDING UNITY_ENABLE_DETAIL_NORMALMAP SHADER_API_DESKTOP UNITY_LIGHT_PROBE_PROXY_VOLUME UNITY_LIGHTMAP_FULL_HDR ok=1
Cmd: preprocess
  insize=771 outsize=196 ok=1
Cmd: preprocess
  insize=771 outsize=196 ok=1
Cmd: preprocess
  insize=120628 outsize=6059 ok=1
Cmd: preprocess
  insize=3819 outsize=403 ok=1
Cmd: preprocess
  insize=118201 outsize=5941 ok=1
Cmd: preprocess
  insize=771 outsize=196 ok=1
Cmd: preprocess
  insize=3153 outsize=280 ok=1
Cmd: preprocess
  insize=771 outsize=196 ok=1
Cmd: preprocess
  insize=3153 outsize=280 ok=1
Cmd: preprocess
  insize=4217 outsize=397 ok=1
Cmd: preprocess
  insize=4217 outsize=398 ok=1
Cmd: preprocess
  insize=771 outsize=196 ok=1
Cmd: preprocess
  insize=3153 outsize=280 ok=1
Cmd: preprocess
  insize=4217 outsize=398 ok=1
Cmd: preprocess
  insize=771 outsize=196 ok=1
Cmd: preprocess
  insize=3006 outsize=275 ok=1
Cmd: preprocess
  insize=4497 outsize=395 ok=1
Cmd: preprocess
  insize=4745 outsize=395 ok=1
Cmd: preprocess
  insize=771 outsize=196 ok=1
Cmd: preprocess
  insize=3387 outsize=277 ok=1
Cmd: preprocess
  insize=4878 outsize=395 ok=1
Cmd: preprocess
  insize=5657 outsize=395 ok=1
Cmd: preprocess
  insize=771 outsize=196 ok=1
Cmd: preprocess
  insize=3153 outsize=279 ok=1
Cmd: preprocess
  insize=4217 outsize=397 ok=1
Cmd: preprocess
  insize=771 outsize=196 ok=1
Cmd: preprocess
  insize=3153 outsize=280 ok=1
Cmd: preprocess
  insize=4217 outsize=398 ok=1
Cmd: preprocess
  insize=771 outsize=196 ok=1
Cmd: preprocess
  insize=3006 outsize=275 ok=1
Cmd: preprocess
  insize=4497 outsize=395 ok=1
Cmd: preprocess
  insize=4745 outsize=395 ok=1
Cmd: preprocess
  insize=771 outsize=196 ok=1
Cmd: preprocess
  insize=3387 outsize=277 ok=1
Cmd: preprocess
  insize=5409 outsize=395 ok=1
Cmd: preprocess
  insize=5657 outsize=395 ok=1
Cmd: preprocess
  insize=6330 outsize=396 ok=1
Cmd: preprocess
  insize=127174 outsize=6059 ok=1
Cmd: compileSnippet
  api=4 type=0 insize=18835 outsize=810 kw= pd=UNITY_ENABLE_REFLECTION_BUFFERS UNITY_USE_DITHER_MASK_FOR_ALPHABLENDED_SHADOWS UNITY_PBS_USE_BRDF1 UNITY_SPECCUBE_BOX_PROJECTION UNITY_SPECCUBE_BLENDING UNITY_ENABLE_DETAIL_NORMALMAP SHADER_API_DESKTOP UNITY_LIGHT_PROBE_PROXY_VOLUME UNITY_LIGHTMAP_FULL_HDR ok=1
Cmd: compileSnippet
  api=4 type=1 insize=18835 outsize=366 kw= pd=UNITY_ENABLE_REFLECTION_BUFFERS UNITY_USE_DITHER_MASK_FOR_ALPHABLENDED_SHADOWS UNITY_PBS_USE_BRDF1 UNITY_SPECCUBE_BOX_PROJECTION UNITY_SPECCUBE_BLENDING UNITY_ENABLE_DETAIL_NORMALMAP SHADER_API_DESKTOP UNITY_LIGHT_PROBE_PROXY_VOLUME UNITY_LIGHTMAP_FULL_HDR ok=1
Cmd: preprocess
  insize=5628 outsize=395 ok=1
Cmd: preprocess
  insize=125450 outsize=6059 ok=1
Cmd: compileSnippet
  api=4 type=0 insize=18835 outsize=810 kw= pd=UNITY_ENABLE_REFLECTION_BUFFERS UNITY_USE_DITHER_MASK_FOR_ALPHABLENDED_SHADOWS UNITY_PBS_USE_BRDF1 UNITY_SPECCUBE_BOX_PROJECTION UNITY_SPECCUBE_BLENDING UNITY_ENABLE_DETAIL_NORMALMAP SHADER_API_DESKTOP UNITY_LIGHT_PROBE_PROXY_VOLUME UNITY_LIGHTMAP_FULL_HDR ok=1
Cmd: compileSnippet
  api=4 type=1 insize=18835 outsize=366 kw= pd=UNITY_ENABLE_REFLECTION_BUFFERS UNITY_USE_DITHER_MASK_FOR_ALPHABLENDED_SHADOWS UNITY_PBS_USE_BRDF1 UNITY_SPECCUBE_BOX_PROJECTION UNITY_SPECCUBE_BLENDING UNITY_ENABLE_DETAIL_NORMALMAP SHADER_API_DESKTOP UNITY_LIGHT_PROBE_PROXY_VOLUME UNITY_LIGHTMAP_FULL_HDR ok=1
Cmd: preprocess
  insize=6330 outsize=395 ok=1
Cmd: preprocess
  insize=127174 outsize=6059 ok=1
Cmd: preprocess
  insize=5628 outsize=395 ok=1
Cmd: preprocess
  insize=125450 outsize=6059 ok=1
Cmd: preprocess
  insize=6330 outsize=396 ok=1
Cmd: preprocess
  insize=127174 outsize=6059 ok=1
Cmd: preprocess
  insize=771 outsize=196 ok=1
Cmd: preprocess
  insize=3899 outsize=276 ok=1
Cmd: preprocess
  insize=3153 outsize=280 ok=1
Cmd: preprocess
  insize=4779 outsize=395 ok=1
Cmd: preprocess
  insize=6364 outsize=396 ok=1
Cmd: preprocess
  insize=127274 outsize=6059 ok=1
Cmd: compileSnippet
  api=4 type=0 insize=18835 outsize=810 kw= pd=UNITY_ENABLE_REFLECTION_BUFFERS UNITY_USE_DITHER_MASK_FOR_ALPHABLENDED_SHADOWS UNITY_PBS_USE_BRDF1 UNITY_SPECCUBE_BOX_PROJECTION UNITY_SPECCUBE_BLENDING UNITY_ENABLE_DETAIL_NORMALMAP SHADER_API_DESKTOP UNITY_LIGHT_PROBE_PROXY_VOLUME UNITY_LIGHTMAP_FULL_HDR ok=1
Cmd: compileSnippet
  api=4 type=1 insize=18835 outsize=366 kw= pd=UNITY_ENABLE_REFLECTION_BUFFERS UNITY_USE_DITHER_MASK_FOR_ALPHABLENDED_SHADOWS UNITY_PBS_USE_BRDF1 UNITY_SPECCUBE_BOX_PROJECTION UNITY_SPECCUBE_BLENDING UNITY_ENABLE_DETAIL_NORMALMAP SHADER_API_DESKTOP UNITY_LIGHT_PROBE_PROXY_VOLUME UNITY_LIGHTMAP_FULL_HDR ok=1
Cmd: preprocess
  insize=3153 outsize=280 ok=1
Cmd: preprocess
  insize=4779 outsize=395 ok=1
Cmd: preprocess
  insize=6398 outsize=396 ok=1
Cmd: preprocess
  insize=127374 outsize=6060 ok=1
Cmd: compileSnippet
  api=4 type=0 insize=18835 outsize=810 kw= pd=UNITY_ENABLE_REFLECTION_BUFFERS UNITY_USE_DITHER_MASK_FOR_ALPHABLENDED_SHADOWS UNITY_PBS_USE_BRDF1 UNITY_SPECCUBE_BOX_PROJECTION UNITY_SPECCUBE_BLENDING UNITY_ENABLE_DETAIL_NORMALMAP SHADER_API_DESKTOP UNITY_LIGHT_PROBE_PROXY_VOLUME UNITY_LIGHTMAP_FULL_HDR ok=1
Cmd: compileSnippet
  api=4 type=1 insize=18835 outsize=366 kw= pd=UNITY_ENABLE_REFLECTION_BUFFERS UNITY_USE_DITHER_MASK_FOR_ALPHABLENDED_SHADOWS UNITY_PBS_USE_BRDF1 UNITY_SPECCUBE_BOX_PROJECTION UNITY_SPECCUBE_BLENDING UNITY_ENABLE_DETAIL_NORMALMAP SHADER_API_DESKTOP UNITY_LIGHT_PROBE_PROXY_VOLUME UNITY_LIGHTMAP_FULL_HDR ok=1
Cmd: preprocess
  insize=3153 outsize=279 ok=1
Cmd: preprocess
  insize=3715 outsize=277 ok=1
Cmd: preprocess
  insize=6432 outsize=396 ok=1
Cmd: preprocess
  insize=127474 outsize=6060 ok=1
Cmd: compileSnippet
  api=4 type=0 insize=18835 outsize=810 kw= pd=UNITY_ENABLE_REFLECTION_BUFFERS UNITY_USE_DITHER_MASK_FOR_ALPHABLENDED_SHADOWS UNITY_PBS_USE_BRDF1 UNITY_SPECCUBE_BOX_PROJECTION UNITY_SPECCUBE_BLENDING UNITY_ENABLE_DETAIL_NORMALMAP SHADER_API_DESKTOP UNITY_LIGHT_PROBE_PROXY_VOLUME UNITY_LIGHTMAP_FULL_HDR ok=1
Cmd: compileSnippet
  api=4 type=1 insize=18835 outsize=366 kw= pd=UNITY_ENABLE_REFLECTION_BUFFERS UNITY_USE_DITHER_MASK_FOR_ALPHABLENDED_SHADOWS UNITY_PBS_USE_BRDF1 UNITY_SPECCUBE_BOX_PROJECTION UNITY_SPECCUBE_BLENDING UNITY_ENABLE_DETAIL_NORMALMAP SHADER_API_DESKTOP UNITY_LIGHT_PROBE_PROXY_VOLUME UNITY_LIGHTMAP_FULL_HDR ok=1
Cmd: preprocess
  insize=3153 outsize=280 ok=1
Cmd: preprocess
  insize=3715 outsize=277 ok=1
Cmd: preprocess
  insize=6466 outsize=396 ok=1
Cmd: preprocess
  insize=127574 outsize=6060 ok=1
Cmd: compileSnippet
  api=4 type=0 insize=18835 outsize=810 kw= pd=UNITY_ENABLE_REFLECTION_BUFFERS UNITY_USE_DITHER_MASK_FOR_ALPHABLENDED_SHADOWS UNITY_PBS_USE_BRDF1 UNITY_SPECCUBE_BOX_PROJECTION UNITY_SPECCUBE_BLENDING UNITY_ENABLE_DETAIL_NORMALMAP SHADER_API_DESKTOP UNITY_LIGHT_PROBE_PROXY_VOLUME UNITY_LIGHTMAP_FULL_HDR ok=1
Cmd: compileSnippet
  api=4 type=1 insize=18835 outsize=366 kw= pd=UNITY_ENABLE_REFLECTION_BUFFERS UNITY_USE_DITHER_MASK_FOR_ALPHABLENDED_SHADOWS UNITY_PBS_USE_BRDF1 UNITY_SPECCUBE_BOX_PROJECTION UNITY_SPECCUBE_BLENDING UNITY_ENABLE_DETAIL_NORMALMAP SHADER_API_DESKTOP UNITY_LIGHT_PROBE_PROXY_VOLUME UNITY_LIGHTMAP_FULL_HDR ok=1
Cmd: preprocess
  insize=3153 outsize=280 ok=1
Cmd: preprocess
  insize=5402 outsize=278 ok=1
Cmd: preprocess
  insize=124911 outsize=5942 ok=1
Cmd: compileSnippet
  api=4 type=0 insize=18835 outsize=810 kw= pd=UNITY_ENABLE_REFLECTION_BUFFERS UNITY_USE_DITHER_MASK_FOR_ALPHABLENDED_SHADOWS UNITY_PBS_USE_BRDF1 UNITY_SPECCUBE_BOX_PROJECTION UNITY_SPECCUBE_BLENDING UNITY_ENABLE_DETAIL_NORMALMAP SHADER_API_DESKTOP UNITY_LIGHT_PROBE_PROXY_VOLUME UNITY_LIGHTMAP_FULL_HDR ok=1
Cmd: compileSnippet
  api=4 type=1 insize=18835 outsize=366 kw= pd=UNITY_ENABLE_REFLECTION_BUFFERS UNITY_USE_DITHER_MASK_FOR_ALPHABLENDED_SHADOWS UNITY_PBS_USE_BRDF1 UNITY_SPECCUBE_BOX_PROJECTION UNITY_SPECCUBE_BLENDING UNITY_ENABLE_DETAIL_NORMALMAP SHADER_API_DESKTOP UNITY_LIGHT_PROBE_PROXY_VOLUME UNITY_LIGHTMAP_FULL_HDR ok=1
Cmd: preprocess
  insize=4988 outsize=394 ok=1
Cmd: preprocess
  insize=4949 outsize=394 ok=1
Cmd: preprocess
  insize=4996 outsize=393 ok=1
Cmd: preprocess
  insize=5090 outsize=394 ok=1
Cmd: preprocess
  insize=4217 outsize=398 ok=1
Cmd: preprocess
  insize=4779 outsize=395 ok=1
Cmd: preprocess
  insize=6466 outsize=396 ok=1
Cmd: preprocess
  insize=127574 outsize=6059 ok=1
Cmd: preprocess
  insize=4217 outsize=397 ok=1
Cmd: preprocess
  insize=4745 outsize=395 ok=1
Cmd: preprocess
  insize=6432 outsize=395 ok=1
Cmd: preprocess
  insize=127474 outsize=6060 ok=1
Cmd: preprocess
  insize=4217 outsize=398 ok=1
Cmd: preprocess
  insize=6398 outsize=396 ok=1
Cmd: preprocess
  insize=127374 outsize=6059 ok=1
Cmd: preprocess
  insize=4217 outsize=397 ok=1
Cmd: preprocess
  insize=4779 outsize=395 ok=1
Cmd: preprocess
  insize=6364 outsize=396 ok=1
Cmd: preprocess
  insize=127274 outsize=6059 ok=1
Cmd: preprocess
  insize=4217 outsize=398 ok=1
Cmd: preprocess
  insize=4745 outsize=395 ok=1
Cmd: preprocess
  insize=6330 outsize=396 ok=1
Cmd: preprocess
  insize=127174 outsize=6059 ok=1
Cmd: preprocess
  insize=771 outsize=196 ok=1
Cmd: preprocess
  insize=3035 outsize=277 ok=1
Cmd: preprocess
  insize=4101 outsize=397 ok=1
Cmd: preprocess
  insize=4069 outsize=398 ok=1
Cmd: preprocess
  insize=4101 outsize=397 ok=1
Cmd: preprocess
  insize=771 outsize=196 ok=1
Cmd: preprocess
  insize=771 outsize=196 ok=1
Cmd: preprocess
  insize=5311 outsize=284 ok=1
Cmd: preprocess
  insize=6680 outsize=399 ok=1
Cmd: preprocess
  insize=4101 outsize=397 ok=1
Cmd: preprocess
  insize=771 outsize=196 ok=1
Cmd: preprocess
  insize=3071 outsize=280 ok=1
Cmd: preprocess
  insize=771 outsize=196 ok=1
Cmd: preprocess
  insize=3035 outsize=278 ok=1
Cmd: preprocess
  insize=3370 outsize=280 ok=1
Cmd: preprocess
  insize=6973 outsize=399 ok=1
Cmd: preprocess
  insize=3370 outsize=280 ok=1
Cmd: preprocess
  insize=4458 outsize=398 ok=1
Cmd: preprocess
  insize=3370 outsize=280 ok=1
Cmd: preprocess
  insize=3035 outsize=278 ok=1
Cmd: preprocess
  insize=4101 outsize=397 ok=1
Cmd: preprocess
  insize=4458 outsize=398 ok=1
Cmd: preprocess
  insize=3159 outsize=280 ok=1
Cmd: preprocess
  insize=4546 outsize=398 ok=1
Cmd: preprocess
  insize=3819 outsize=403 ok=1
Cmd: preprocess
  insize=4217 outsize=398 ok=1
Cmd: preprocess
  insize=4217 outsize=397 ok=1
Cmd: preprocess
  insize=4217 outsize=398 ok=1
Cmd: preprocess
  insize=4217 outsize=397 ok=1
Cmd: preprocess
  insize=4217 outsize=398 ok=1
Cmd: preprocess
  insize=4546 outsize=398 ok=1
Cmd: preprocess
  insize=4745 outsize=395 ok=1
Cmd: preprocess
  insize=6330 outsize=396 ok=1
Cmd: preprocess
  insize=127174 outsize=6059 ok=1
Cmd: preprocess
  insize=4745 outsize=395 ok=1
Cmd: preprocess
  insize=3819 outsize=403 ok=1
Cmd: preprocess
  insize=4217 outsize=398 ok=1
Cmd: preprocess
  insize=4217 outsize=397 ok=1
Cmd: preprocess
  insize=4217 outsize=398 ok=1
Cmd: preprocess
  insize=4217 outsize=397 ok=1
Cmd: preprocess
  insize=4217 outsize=398 ok=1
Cmd: preprocess
  insize=4546 outsize=398 ok=1
Cmd: preprocess
  insize=4745 outsize=395 ok=1
Cmd: preprocess
  insize=6330 outsize=396 ok=1
Cmd: preprocess
  insize=127174 outsize=6059 ok=1
Cmd: preprocess
  insize=4745 outsize=395 ok=1
Cmd: preprocess
  insize=3819 outsize=403 ok=1
Cmd: preprocess
  insize=4217 outsize=398 ok=1
Cmd: preprocess
  insize=4217 outsize=397 ok=1
Cmd: preprocess
  insize=4217 outsize=398 ok=1
Cmd: preprocess
  insize=4217 outsize=397 ok=1
Cmd: preprocess
  insize=4217 outsize=398 ok=1
Cmd: preprocess
  insize=4546 outsize=398 ok=1
Cmd: preprocess
  insize=4745 outsize=395 ok=1
Cmd: preprocess
  insize=6330 outsize=396 ok=1
Cmd: preprocess
  insize=127174 outsize=6059 ok=1
Cmd: preprocess
  insize=4745 outsize=395 ok=1
Cmd: preprocess
  insize=3917 outsize=402 ok=1
Cmd: preprocess
  insize=4315 outsize=396 ok=1
Cmd: preprocess
  insize=4315 outsize=397 ok=1
Cmd: preprocess
  insize=4315 outsize=397 ok=1
Cmd: preprocess
  insize=4315 outsize=397 ok=1
Cmd: preprocess
  insize=4315 outsize=397 ok=1
Cmd: preprocess
  insize=4644 outsize=397 ok=1
Cmd: preprocess
  insize=4843 outsize=394 ok=1
Cmd: preprocess
  insize=6428 outsize=395 ok=1
Cmd: preprocess
  insize=127403 outsize=6059 ok=1
Cmd: preprocess
  insize=4843 outsize=394 ok=1
Cmd: preprocess
  insize=3819 outsize=403 ok=1
Cmd: preprocess
  insize=4217 outsize=398 ok=1
Cmd: preprocess
  insize=4217 outsize=397 ok=1
Cmd: preprocess
  insize=4217 outsize=398 ok=1
Cmd: preprocess
  insize=4217 outsize=397 ok=1
Cmd: preprocess
  insize=4217 outsize=398 ok=1
Cmd: preprocess
  insize=4546 outsize=398 ok=1
Cmd: preprocess
  insize=4745 outsize=395 ok=1
Cmd: preprocess
  insize=6330 outsize=396 ok=1
Cmd: preprocess
  insize=127174 outsize=6059 ok=1
Cmd: preprocess
  insize=4745 outsize=395 ok=1
Cmd: preprocess
  insize=3819 outsize=403 ok=1
Cmd: preprocess
  insize=4217 outsize=397 ok=1
Cmd: preprocess
  insize=4217 outsize=397 ok=1
Cmd: preprocess
  insize=4217 outsize=398 ok=1
Cmd: preprocess
  insize=4217 outsize=398 ok=1
Cmd: preprocess
  insize=4217 outsize=398 ok=1
Cmd: preprocess
  insize=4546 outsize=398 ok=1
Cmd: preprocess
  insize=4745 outsize=395 ok=1
Cmd: preprocess
  insize=6330 outsize=396 ok=1
Cmd: preprocess
  insize=127174 outsize=6060 ok=1
Cmd: preprocess
  insize=4745 outsize=395 ok=1
Cmd: preprocess
  insize=3819 outsize=403 ok=1
Cmd: preprocess
  insize=4217 outsize=398 ok=1
Cmd: preprocess
  insize=4217 outsize=397 ok=1
Cmd: preprocess
  insize=4217 outsize=398 ok=1
Cmd: preprocess
  insize=4217 outsize=397 ok=1
Cmd: preprocess
  insize=4217 outsize=398 ok=1
Cmd: preprocess
  insize=4546 outsize=398 ok=1
Cmd: preprocess
  insize=4745 outsize=395 ok=1
Cmd: preprocess
  insize=6330 outsize=396 ok=1
Cmd: preprocess
  insize=127174 outsize=6059 ok=1
Cmd: preprocess
  insize=4745 outsize=395 ok=1
Cmd: preprocess
  insize=3071 outsize=280 ok=1
Cmd: preprocess
  insize=4458 outsize=398 ok=1
Cmd: preprocess
  insize=4181 outsize=282 ok=1
Cmd: preprocess
  insize=5568 outsize=398 ok=1
Cmd: preprocess
  insize=3159 outsize=280 ok=1
Cmd: preprocess
  insize=4546 outsize=398 ok=1
Cmd: preprocess
  insize=3167 outsize=280 ok=1
Cmd: preprocess
  insize=4554 outsize=398 ok=1
Cmd: preprocess
  insize=3159 outsize=280 ok=1
Cmd: preprocess
  insize=4546 outsize=398 ok=1
Cmd: preprocess
  insize=771 outsize=196 ok=1
Cmd: preprocess
  insize=4188 outsize=283 ok=1
Cmd: preprocess
  insize=771 outsize=196 ok=1
Cmd: preprocess
  insize=2520 outsize=281 ok=1
Cmd: preprocess
  insize=123725 outsize=6069 ok=1
Cmd: compileSnippet
  api=4 type=0 insize=18479 outsize=810 kw=UNITY_PASS_SHADOWCASTER pd=UNITY_ENABLE_REFLECTION_BUFFERS UNITY_USE_DITHER_MASK_FOR_ALPHABLENDED_SHADOWS UNITY_PBS_USE_BRDF1 UNITY_SPECCUBE_BOX_PROJECTION UNITY_SPECCUBE_BLENDING UNITY_ENABLE_DETAIL_NORMALMAP SHADER_API_DESKTOP UNITY_LIGHT_PROBE_PROXY_VOLUME UNITY_LIGHTMAP_FULL_HDR ok=1
Cmd: compileSnippet
  api=4 type=1 insize=18479 outsize=142 kw=UNITY_PASS_SHADOWCASTER pd=UNITY_ENABLE_REFLECTION_BUFFERS UNITY_USE_DITHER_MASK_FOR_ALPHABLENDED_SHADOWS UNITY_PBS_USE_BRDF1 UNITY_SPECCUBE_BOX_PROJECTION UNITY_SPECCUBE_BLENDING UNITY_ENABLE_DETAIL_NORMALMAP SHADER_API_DESKTOP UNITY_LIGHT_PROBE_PROXY_VOLUME UNITY_LIGHTMAP_FULL_HDR ok=1
Cmd: compileSnippet
  api=4 type=0 insize=22794 outsize=838 kw=UNITY_PASS_META pd=UNITY_ENABLE_REFLECTION_BUFFERS UNITY_USE_DITHER_MASK_FOR_ALPHABLENDED_SHADOWS UNITY_PBS_USE_BRDF1 UNITY_SPECCUBE_BOX_PROJECTION UNITY_SPECCUBE_BLENDING UNITY_ENABLE_DETAIL_NORMALMAP SHADER_API_DESKTOP UNITY_LIGHT_PROBE_PROXY_VOLUME UNITY_LIGHTMAP_FULL_HDR ok=1
Cmd: compileSnippet
  api=4 type=1 insize=22794 outsize=410 kw=UNITY_PASS_META pd=UNITY_ENABLE_REFLECTION_BUFFERS UNITY_USE_DITHER_MASK_FOR_ALPHABLENDED_SHADOWS UNITY_PBS_USE_BRDF1 UNITY_SPECCUBE_BOX_PROJECTION UNITY_SPECCUBE_BLENDING UNITY_ENABLE_DETAIL_NORMALMAP SHADER_API_DESKTOP UNITY_LIGHT_PROBE_PROXY_VOLUME UNITY_LIGHTMAP_FULL_HDR ok=1
Cmd: compileSnippet
  api=4 type=0 insize=18577 outsize=810 kw= pd=UNITY_ENABLE_REFLECTION_BUFFERS UNITY_USE_DITHER_MASK_FOR_ALPHABLENDED_SHADOWS UNITY_PBS_USE_BRDF1 UNITY_SPECCUBE_BOX_PROJECTION UNITY_SPECCUBE_BLENDING UNITY_ENABLE_DETAIL_NORMALMAP SHADER_API_DESKTOP UNITY_LIGHT_PROBE_PROXY_VOLUME UNITY_LIGHTMAP_FULL_HDR ok=1
Cmd: compileSnippet
  api=4 type=1 insize=18577 outsize=262 kw= pd=UNITY_ENABLE_REFLECTION_BUFFERS UNITY_USE_DITHER_MASK_FOR_ALPHABLENDED_SHADOWS UNITY_PBS_USE_BRDF1 UNITY_SPECCUBE_BOX_PROJECTION UNITY_SPECCUBE_BLENDING UNITY_ENABLE_DETAIL_NORMALMAP SHADER_API_DESKTOP UNITY_LIGHT_PROBE_PROXY_VOLUME UNITY_LIGHTMAP_FULL_HDR ok=1
Cmd: compileSnippet
  api=4 type=0 insize=18544 outsize=810 kw= pd=UNITY_ENABLE_REFLECTION_BUFFERS UNITY_USE_DITHER_MASK_FOR_ALPHABLENDED_SHADOWS UNITY_PBS_USE_BRDF1 UNITY_SPECCUBE_BOX_PROJECTION UNITY_SPECCUBE_BLENDING UNITY_ENABLE_DETAIL_NORMALMAP SHADER_API_DESKTOP UNITY_LIGHT_PROBE_PROXY_VOLUME UNITY_LIGHTMAP_FULL_HDR ok=1
Cmd: compileSnippet
  api=4 type=1 insize=18544 outsize=142 kw= pd=UNITY_ENABLE_REFLECTION_BUFFERS UNITY_USE_DITHER_MASK_FOR_ALPHABLENDED_SHADOWS UNITY_PBS_USE_BRDF1 UNITY_SPECCUBE_BOX_PROJECTION UNITY_SPECCUBE_BLENDING UNITY_ENABLE_DETAIL_NORMALMAP SHADER_API_DESKTOP UNITY_LIGHT_PROBE_PROXY_VOLUME UNITY_LIGHTMAP_FULL_HDR ok=1
Cmd: compileSnippet
  api=4 type=0 insize=18900 outsize=1834 kw=UNITY_PASS_MOTIONVECTORS pd=UNITY_ENABLE_REFLECTION_BUFFERS UNITY_USE_DITHER_MASK_FOR_ALPHABLENDED_SHADOWS UNITY_PBS_USE_BRDF1 UNITY_SPECCUBE_BOX_PROJECTION UNITY_SPECCUBE_BLENDING UNITY_ENABLE_DETAIL_NORMALMAP SHADER_API_DESKTOP UNITY_LIGHT_PROBE_PROXY_VOLUME UNITY_LIGHTMAP_FULL_HDR ok=1
Cmd: compileSnippet
  api=4 type=1 insize=18900 outsize=562 kw=UNITY_PASS_MOTIONVECTORS pd=UNITY_ENABLE_REFLECTION_BUFFERS UNITY_USE_DITHER_MASK_FOR_ALPHABLENDED_SHADOWS UNITY_PBS_USE_BRDF1 UNITY_SPECCUBE_BOX_PROJECTION UNITY_SPECCUBE_BLENDING UNITY_ENABLE_DETAIL_NORMALMAP SHADER_API_DESKTOP UNITY_LIGHT_PROBE_PROXY_VOLUME UNITY_LIGHTMAP_FULL_HDR ok=1
Cmd: compileSnippet
  api=4 type=0 insize=22395 outsize=922 kw= pd=UNITY_ENABLE_REFLECTION_BUFFERS UNITY_USE_DITHER_MASK_FOR_ALPHABLENDED_SHADOWS UNITY_PBS_USE_BRDF1 UNITY_SPECCUBE_BOX_PROJECTION UNITY_SPECCUBE_BLENDING UNITY_ENABLE_DETAIL_NORMALMAP SHADER_API_DESKTOP UNITY_LIGHT_PROBE_PROXY_VOLUME UNITY_LIGHTMAP_FULL_HDR ok=1
Cmd: compileSnippet
  api=4 type=1 insize=22395 outsize=890 kw= pd=UNITY_ENABLE_REFLECTION_BUFFERS UNITY_USE_DITHER_MASK_FOR_ALPHABLENDED_SHADOWS UNITY_PBS_USE_BRDF1 UNITY_SPECCUBE_BOX_PROJECTION UNITY_SPECCUBE_BLENDING UNITY_ENABLE_DETAIL_NORMALMAP SHADER_API_DESKTOP UNITY_LIGHT_PROBE_PROXY_VOLUME UNITY_LIGHTMAP_FULL_HDR ok=1
Cmd: disassembleShader
  api=4 insize=142 outsize=586 ok=1
Cmd: compileSnippet
  api=4 type=1 insize=18544 outsize=294 kw=WRITE_MSAA_DEPTH pd=UNITY_ENABLE_REFLECTION_BUFFERS UNITY_USE_DITHER_MASK_FOR_ALPHABLENDED_SHADOWS UNITY_PBS_USE_BRDF1 UNITY_SPECCUBE_BOX_PROJECTION UNITY_SPECCUBE_BLENDING UNITY_ENABLE_DETAIL_NORMALMAP SHADER_API_DESKTOP UNITY_LIGHT_PROBE_PROXY_VOLUME UNITY_LIGHTMAP_FULL_HDR ok=1
Cmd: disassembleShader
  api=4 insize=294 outsize=880 ok=1
Cmd: preprocess
  insize=771 outsize=196 ok=1
Cmd: preprocess
  insize=771 outsize=196 ok=1
Cmd: preprocess
  insize=771 outsize=196 ok=1
Cmd: preprocess
  insize=771 outsize=196 ok=1
Cmd: preprocess
  insize=771 outsize=196 ok=1
Cmd: preprocess
  insize=771 outsize=196 ok=1
Cmd: preprocess
  insize=771 outsize=196 ok=1
Cmd: preprocess
  insize=771 outsize=196 ok=1
Cmd: preprocess
  insize=771 outsize=196 ok=1
Cmd: preprocess
  insize=771 outsize=196 ok=1
Cmd: preprocess
  insize=127174 outsize=6059 ok=1
Cmd: preprocess
  insize=3819 outsize=403 ok=1
Cmd: preprocess
  insize=4217 outsize=398 ok=1
Cmd: preprocess
  insize=4217 outsize=397 ok=1
Cmd: preprocess
  insize=4217 outsize=398 ok=1
Cmd: preprocess
  insize=4745 outsize=395 ok=1
Cmd: preprocess
  insize=4217 outsize=397 ok=1
Cmd: preprocess
  insize=4217 outsize=398 ok=1
Cmd: preprocess
  insize=4745 outsize=395 ok=1
Cmd: preprocess
  insize=6330 outsize=396 ok=1
Cmd: preprocess
  insize=771 outsize=196 ok=1
Cmd: preprocess
  insize=3414 outsize=285 ok=1
Cmd: preprocess
  insize=4288 outsize=403 ok=1
Cmd: preprocess
  insize=4686 outsize=398 ok=1
Cmd: preprocess
  insize=4686 outsize=398 ok=1
Cmd: preprocess
  insize=4686 outsize=398 ok=1
Cmd: preprocess
  insize=4686 outsize=395 ok=1
Cmd: preprocess
  insize=4686 outsize=398 ok=1
Cmd: preprocess
  insize=5214 outsize=395 ok=1
Cmd: preprocess
  insize=6799 outsize=396 ok=1
Cmd: preprocess
  insize=128400 outsize=6059 ok=1
Cmd: compileSnippet
  api=4 type=0 insize=18835 outsize=810 kw= pd=UNITY_ENABLE_REFLECTION_BUFFERS UNITY_USE_DITHER_MASK_FOR_ALPHABLENDED_SHADOWS UNITY_PBS_USE_BRDF1 UNITY_SPECCUBE_BOX_PROJECTION UNITY_SPECCUBE_BLENDING UNITY_ENABLE_DETAIL_NORMALMAP SHADER_API_DESKTOP UNITY_LIGHT_PROBE_PROXY_VOLUME UNITY_LIGHTMAP_FULL_HDR ok=1
Cmd: compileSnippet
  api=4 type=1 insize=18835 outsize=366 kw= pd=UNITY_ENABLE_REFLECTION_BUFFERS UNITY_USE_DITHER_MASK_FOR_ALPHABLENDED_SHADOWS UNITY_PBS_USE_BRDF1 UNITY_SPECCUBE_BOX_PROJECTION UNITY_SPECCUBE_BLENDING UNITY_ENABLE_DETAIL_NORMALMAP SHADER_API_DESKTOP UNITY_LIGHT_PROBE_PROXY_VOLUME UNITY_LIGHTMAP_FULL_HDR ok=1
Cmd: preprocess
  insize=5214 outsize=394 ok=1
Cmd: preprocess
  insize=3819 outsize=403 ok=1
Cmd: preprocess
  insize=4217 outsize=398 ok=1
Cmd: preprocess
  insize=4217 outsize=397 ok=1
Cmd: preprocess
  insize=4217 outsize=398 ok=1
Cmd: preprocess
  insize=4217 outsize=397 ok=1
Cmd: preprocess
  insize=4217 outsize=398 ok=1
Cmd: preprocess
  insize=4745 outsize=395 ok=1
Cmd: preprocess
  insize=6330 outsize=396 ok=1
Cmd: preprocess
  insize=127174 outsize=6059 ok=1
Cmd: preprocess
  insize=4745 outsize=395 ok=1
Cmd: preprocess
  insize=771 outsize=196 ok=1
Cmd: preprocess
  insize=3690 outsize=359 ok=1
Cmd: preprocess
  insize=4088 outsize=354 ok=1
Cmd: preprocess
  insize=4088 outsize=354 ok=1
Cmd: preprocess
  insize=4088 outsize=354 ok=1
Cmd: preprocess
  insize=4088 outsize=354 ok=1
Cmd: preprocess
  insize=4088 outsize=354 ok=1
Cmd: preprocess
  insize=4616 outsize=351 ok=1
Cmd: preprocess
  insize=6201 outsize=352 ok=1
Cmd: preprocess
  insize=127460 outsize=6016 ok=1
Cmd: compileSnippet
  api=4 type=0 insize=18960 outsize=810 kw= pd=UNITY_ENABLE_REFLECTION_BUFFERS UNITY_USE_DITHER_MASK_FOR_ALPHABLENDED_SHADOWS UNITY_PBS_USE_BRDF1 UNITY_SPECCUBE_BOX_PROJECTION UNITY_SPECCUBE_BLENDING UNITY_ENABLE_DETAIL_NORMALMAP SHADER_API_DESKTOP UNITY_LIGHT_PROBE_PROXY_VOLUME UNITY_LIGHTMAP_FULL_HDR ok=1
Cmd: compileSnippet
  api=4 type=1 insize=18960 outsize=366 kw= pd=UNITY_ENABLE_REFLECTION_BUFFERS UNITY_USE_DITHER_MASK_FOR_ALPHABLENDED_SHADOWS UNITY_PBS_USE_BRDF1 UNITY_SPECCUBE_BOX_PROJECTION UNITY_SPECCUBE_BLENDING UNITY_ENABLE_DETAIL_NORMALMAP SHADER_API_DESKTOP UNITY_LIGHT_PROBE_PROXY_VOLUME UNITY_LIGHTMAP_FULL_HDR ok=1
Cmd: preprocess
  insize=4616 outsize=350 ok=1
Cmd: preprocess
  insize=771 outsize=196 ok=1
Cmd: preprocess
  insize=4002 outsize=477 ok=1
Cmd: preprocess
  insize=3690 outsize=358 ok=1
Cmd: preprocess
  insize=771 outsize=196 ok=1
Cmd: preprocess
  insize=771 outsize=196 ok=1
Cmd: preprocess
  insize=4002 outsize=476 ok=1
Cmd: preprocess
  insize=4002 outsize=477 ok=1
Cmd: preprocess
  insize=4002 outsize=477 ok=1
Cmd: preprocess
  insize=4400 outsize=472 ok=1
Cmd: preprocess
  insize=4400 outsize=472 ok=1
Cmd: preprocess
  insize=4400 outsize=472 ok=1
Cmd: preprocess
  insize=4400 outsize=472 ok=1
Cmd: preprocess
  insize=4400 outsize=471 ok=1
Cmd: preprocess
  insize=4928 outsize=469 ok=1
Cmd: preprocess
  insize=6513 outsize=469 ok=1
Cmd: preprocess
  insize=127990 outsize=6126 ok=1
Cmd: compileSnippet
  api=4 type=0 insize=18960 outsize=810 kw= pd=UNITY_ENABLE_REFLECTION_BUFFERS UNITY_USE_DITHER_MASK_FOR_ALPHABLENDED_SHADOWS UNITY_PBS_USE_BRDF1 UNITY_SPECCUBE_BOX_PROJECTION UNITY_SPECCUBE_BLENDING UNITY_ENABLE_DETAIL_NORMALMAP SHADER_API_DESKTOP UNITY_LIGHT_PROBE_PROXY_VOLUME UNITY_LIGHTMAP_FULL_HDR ok=1
Cmd: compileSnippet
  api=4 type=1 insize=18960 outsize=366 kw= pd=UNITY_ENABLE_REFLECTION_BUFFERS UNITY_USE_DITHER_MASK_FOR_ALPHABLENDED_SHADOWS UNITY_PBS_USE_BRDF1 UNITY_SPECCUBE_BOX_PROJECTION UNITY_SPECCUBE_BLENDING UNITY_ENABLE_DETAIL_NORMALMAP SHADER_API_DESKTOP UNITY_LIGHT_PROBE_PROXY_VOLUME UNITY_LIGHTMAP_FULL_HDR ok=1
Cmd: preprocess
  insize=4928 outsize=469 ok=1
Cmd: preprocess
  insize=771 outsize=196 ok=1
Cmd: preprocess
  insize=4002 outsize=477 ok=1
Cmd: preprocess
  insize=771 outsize=196 ok=1
Cmd: preprocess
  insize=4002 outsize=477 ok=1
Cmd: preprocess
  insize=4471 outsize=477 ok=1
Cmd: preprocess
  insize=771 outsize=196 ok=1
Cmd: preprocess
  insize=771 outsize=196 ok=1
Cmd: preprocess
  insize=4471 outsize=477 ok=1
Cmd: preprocess
  insize=3597 outsize=359 ok=1
Cmd: preprocess
  insize=771 outsize=196 ok=1
Cmd: preprocess
  insize=3144 outsize=347 ok=1
Cmd: preprocess
  insize=4693 outsize=465 ok=1
Cmd: preprocess
  insize=5876 outsize=583 ok=1
Cmd: preprocess
  insize=771 outsize=196 ok=1
Cmd: preprocess
  insize=771 outsize=196 ok=1
Cmd: preprocess
  insize=771 outsize=196 ok=1
Cmd: preprocess
  insize=771 outsize=196 ok=1
Cmd: preprocess
  insize=771 outsize=196 ok=1
Cmd: preprocess
  insize=4471 outsize=477 ok=1
Cmd: preprocess
  insize=3597 outsize=359 ok=1
Cmd: preprocess
  insize=4471 outsize=477 ok=1
Cmd: preprocess
  insize=3597 outsize=359 ok=1
Cmd: preprocess
  insize=5876 outsize=583 ok=1
Cmd: preprocess
  insize=771 outsize=196 ok=1
Cmd: preprocess
  insize=771 outsize=196 ok=1
Cmd: preprocess
  insize=771 outsize=196 ok=1
Cmd: preprocess
  insize=771 outsize=196 ok=1
Cmd: preprocess
  insize=771 outsize=196 ok=1
Cmd: preprocess
  insize=4471 outsize=476 ok=1
Cmd: preprocess
  insize=3597 outsize=359 ok=1
Cmd: preprocess
  insize=4463 outsize=477 ok=1
Cmd: preprocess
  insize=3588 outsize=358 ok=1
Cmd: preprocess
  insize=5868 outsize=583 ok=1
Cmd: preprocess
  insize=771 outsize=196 ok=1
Cmd: preprocess
  insize=771 outsize=196 ok=1
Cmd: preprocess
  insize=771 outsize=196 ok=1
Cmd: preprocess
  insize=771 outsize=196 ok=1
Cmd: preprocess
  insize=771 outsize=196 ok=1
Cmd: preprocess
  insize=4471 outsize=477 ok=1
Cmd: preprocess
  insize=3597 outsize=359 ok=1
Cmd: preprocess
  insize=4471 outsize=476 ok=1
Cmd: preprocess
  insize=3597 outsize=359 ok=1
Cmd: preprocess
  insize=5876 outsize=583 ok=1
Cmd: preprocess
  insize=771 outsize=196 ok=1
Cmd: preprocess
  insize=3144 outsize=347 ok=1
Cmd: preprocess
  insize=6029 outsize=583 ok=1
Cmd: preprocess
  insize=8540 outsize=820 ok=1
Cmd: preprocess
  insize=771 outsize=196 ok=1
Cmd: preprocess
  insize=3144 outsize=347 ok=1
Cmd: preprocess
  insize=771 outsize=196 ok=1
Cmd: preprocess
  insize=8693 outsize=820 ok=1
Cmd: preprocess
  insize=8846 outsize=819 ok=1
Cmd: preprocess
  insize=6029 outsize=583 ok=1
Cmd: preprocess
  insize=11365 outsize=1056 ok=1
Cmd: preprocess
  insize=8548 outsize=820 ok=1
Cmd: preprocess
  insize=13884 outsize=1292 ok=1
Cmd: preprocess
  insize=771 outsize=196 ok=1
Cmd: preprocess
  insize=3144 outsize=347 ok=1
Cmd: preprocess
  insize=14037 outsize=1292 ok=1
Cmd: preprocess
  insize=14899 outsize=1410 ok=1
Cmd: preprocess
  insize=771 outsize=196 ok=1
Cmd: preprocess
  insize=3174 outsize=350 ok=1
Cmd: preprocess
  insize=15173 outsize=1413 ok=1
Cmd: preprocess
  insize=3336 outsize=354 ok=1
Cmd: preprocess
  insize=3336 outsize=354 ok=1
Cmd: preprocess
  insize=3336 outsize=354 ok=1
Cmd: preprocess
  insize=3336 outsize=354 ok=1
Cmd: preprocess
  insize=3336 outsize=354 ok=1
Cmd: preprocess
  insize=3898 outsize=351 ok=1
Cmd: preprocess
  insize=5585 outsize=352 ok=1
Cmd: preprocess
  insize=125735 outsize=6015 ok=1
Cmd: compileSnippet
  api=4 type=0 insize=18960 outsize=810 kw= pd=UNITY_ENABLE_REFLECTION_BUFFERS UNITY_USE_DITHER_MASK_FOR_ALPHABLENDED_SHADOWS UNITY_PBS_USE_BRDF1 UNITY_SPECCUBE_BOX_PROJECTION UNITY_SPECCUBE_BLENDING UNITY_ENABLE_DETAIL_NORMALMAP SHADER_API_DESKTOP UNITY_LIGHT_PROBE_PROXY_VOLUME UNITY_LIGHTMAP_FULL_HDR ok=1
Cmd: compileSnippet
  api=4 type=1 insize=18960 outsize=366 kw= pd=UNITY_ENABLE_REFLECTION_BUFFERS UNITY_USE_DITHER_MASK_FOR_ALPHABLENDED_SHADOWS UNITY_PBS_USE_BRDF1 UNITY_SPECCUBE_BOX_PROJECTION UNITY_SPECCUBE_BLENDING UNITY_ENABLE_DETAIL_NORMALMAP SHADER_API_DESKTOP UNITY_LIGHT_PROBE_PROXY_VOLUME UNITY_LIGHTMAP_FULL_HDR ok=1
Cmd: preprocess
  insize=3898 outsize=351 ok=1
Cmd: preprocess
  insize=15596 outsize=1417 ok=1
Cmd: preprocess
  insize=16158 outsize=1414 ok=1
Cmd: preprocess
  insize=17845 outsize=1414 ok=1
Cmd: preprocess
  insize=153934 outsize=7005 ok=1
Cmd: compileSnippet
  api=4 type=0 insize=18960 outsize=810 kw= pd=UNITY_ENABLE_REFLECTION_BUFFERS UNITY_USE_DITHER_MASK_FOR_ALPHABLENDED_SHADOWS UNITY_PBS_USE_BRDF1 UNITY_SPECCUBE_BOX_PROJECTION UNITY_SPECCUBE_BLENDING UNITY_ENABLE_DETAIL_NORMALMAP SHADER_API_DESKTOP UNITY_LIGHT_PROBE_PROXY_VOLUME UNITY_LIGHTMAP_FULL_HDR ok=1
Cmd: compileSnippet
  api=4 type=1 insize=18960 outsize=366 kw= pd=UNITY_ENABLE_REFLECTION_BUFFERS UNITY_USE_DITHER_MASK_FOR_ALPHABLENDED_SHADOWS UNITY_PBS_USE_BRDF1 UNITY_SPECCUBE_BOX_PROJECTION UNITY_SPECCUBE_BLENDING UNITY_ENABLE_DETAIL_NORMALMAP SHADER_API_DESKTOP UNITY_LIGHT_PROBE_PROXY_VOLUME UNITY_LIGHTMAP_FULL_HDR ok=1
Cmd: preprocess
  insize=15596 outsize=1417 ok=1
Cmd: preprocess
  insize=16117 outsize=1414 ok=1
Cmd: preprocess
  insize=17804 outsize=1414 ok=1
Cmd: preprocess
  insize=153820 outsize=7005 ok=1
Cmd: compileSnippet
  api=4 type=0 insize=18960 outsize=810 kw= pd=UNITY_ENABLE_REFLECTION_BUFFERS UNITY_USE_DITHER_MASK_FOR_ALPHABLENDED_SHADOWS UNITY_PBS_USE_BRDF1 UNITY_SPECCUBE_BOX_PROJECTION UNITY_SPECCUBE_BLENDING UNITY_ENABLE_DETAIL_NORMALMAP SHADER_API_DESKTOP UNITY_LIGHT_PROBE_PROXY_VOLUME UNITY_LIGHTMAP_FULL_HDR ok=1
Cmd: compileSnippet
  api=4 type=1 insize=18960 outsize=366 kw= pd=UNITY_ENABLE_REFLECTION_BUFFERS UNITY_USE_DITHER_MASK_FOR_ALPHABLENDED_SHADOWS UNITY_PBS_USE_BRDF1 UNITY_SPECCUBE_BOX_PROJECTION UNITY_SPECCUBE_BLENDING UNITY_ENABLE_DETAIL_NORMALMAP SHADER_API_DESKTOP UNITY_LIGHT_PROBE_PROXY_VOLUME UNITY_LIGHTMAP_FULL_HDR ok=1
Cmd: preprocess
  insize=15596 outsize=1417 ok=1
Cmd: preprocess
  insize=16158 outsize=1414 ok=1
Cmd: preprocess
  insize=17763 outsize=1414 ok=1
Cmd: preprocess
  insize=153706 outsize=7004 ok=1
Cmd: compileSnippet
  api=4 type=0 insize=18960 outsize=810 kw= pd=UNITY_ENABLE_REFLECTION_BUFFERS UNITY_USE_DITHER_MASK_FOR_ALPHABLENDED_SHADOWS UNITY_PBS_USE_BRDF1 UNITY_SPECCUBE_BOX_PROJECTION UNITY_SPECCUBE_BLENDING UNITY_ENABLE_DETAIL_NORMALMAP SHADER_API_DESKTOP UNITY_LIGHT_PROBE_PROXY_VOLUME UNITY_LIGHTMAP_FULL_HDR ok=1
Cmd: compileSnippet
  api=4 type=1 insize=18960 outsize=366 kw= pd=UNITY_ENABLE_REFLECTION_BUFFERS UNITY_USE_DITHER_MASK_FOR_ALPHABLENDED_SHADOWS UNITY_PBS_USE_BRDF1 UNITY_SPECCUBE_BOX_PROJECTION UNITY_SPECCUBE_BLENDING UNITY_ENABLE_DETAIL_NORMALMAP SHADER_API_DESKTOP UNITY_LIGHT_PROBE_PROXY_VOLUME UNITY_LIGHTMAP_FULL_HDR ok=1
Cmd: preprocess
  insize=15596 outsize=1417 ok=1
Cmd: preprocess
  insize=16117 outsize=1414 ok=1
Cmd: preprocess
  insize=17722 outsize=1414 ok=1
Cmd: preprocess
  insize=153592 outsize=7004 ok=1
Cmd: compileSnippet
  api=4 type=0 insize=18960 outsize=810 kw= pd=UNITY_ENABLE_REFLECTION_BUFFERS UNITY_USE_DITHER_MASK_FOR_ALPHABLENDED_SHADOWS UNITY_PBS_USE_BRDF1 UNITY_SPECCUBE_BOX_PROJECTION UNITY_SPECCUBE_BLENDING UNITY_ENABLE_DETAIL_NORMALMAP SHADER_API_DESKTOP UNITY_LIGHT_PROBE_PROXY_VOLUME UNITY_LIGHTMAP_FULL_HDR ok=1
Cmd: compileSnippet
  api=4 type=1 insize=18960 outsize=366 kw= pd=UNITY_ENABLE_REFLECTION_BUFFERS UNITY_USE_DITHER_MASK_FOR_ALPHABLENDED_SHADOWS UNITY_PBS_USE_BRDF1 UNITY_SPECCUBE_BOX_PROJECTION UNITY_SPECCUBE_BLENDING UNITY_ENABLE_DETAIL_NORMALMAP SHADER_API_DESKTOP UNITY_LIGHT_PROBE_PROXY_VOLUME UNITY_LIGHTMAP_FULL_HDR ok=1
Cmd: preprocess
  insize=15596 outsize=1417 ok=1
Cmd: preprocess
  insize=17681 outsize=1414 ok=1
Cmd: preprocess
  insize=153478 outsize=7005 ok=1
Cmd: compileSnippet
  api=4 type=0 insize=18960 outsize=810 kw= pd=UNITY_ENABLE_REFLECTION_BUFFERS UNITY_USE_DITHER_MASK_FOR_ALPHABLENDED_SHADOWS UNITY_PBS_USE_BRDF1 UNITY_SPECCUBE_BOX_PROJECTION UNITY_SPECCUBE_BLENDING UNITY_ENABLE_DETAIL_NORMALMAP SHADER_API_DESKTOP UNITY_LIGHT_PROBE_PROXY_VOLUME UNITY_LIGHTMAP_FULL_HDR ok=1
Cmd: compileSnippet
  api=4 type=1 insize=18960 outsize=366 kw= pd=UNITY_ENABLE_REFLECTION_BUFFERS UNITY_USE_DITHER_MASK_FOR_ALPHABLENDED_SHADOWS UNITY_PBS_USE_BRDF1 UNITY_SPECCUBE_BOX_PROJECTION UNITY_SPECCUBE_BLENDING UNITY_ENABLE_DETAIL_NORMALMAP SHADER_API_DESKTOP UNITY_LIGHT_PROBE_PROXY_VOLUME UNITY_LIGHTMAP_FULL_HDR ok=1
Cmd: preprocess
  insize=4248 outsize=468 ok=1
Cmd: preprocess
  insize=4671 outsize=472 ok=1
Cmd: preprocess
  insize=4671 outsize=472 ok=1
Cmd: preprocess
  insize=4671 outsize=472 ok=1
Cmd: preprocess
  insize=4671 outsize=472 ok=1
Cmd: preprocess
  insize=4671 outsize=472 ok=1
Cmd: preprocess
  insize=6756 outsize=470 ok=1
Cmd: preprocess
  insize=128732 outsize=6125 ok=1
Cmd: compileSnippet
  api=4 type=0 insize=18960 outsize=810 kw= pd=UNITY_ENABLE_REFLECTION_BUFFERS UNITY_USE_DITHER_MASK_FOR_ALPHABLENDED_SHADOWS UNITY_PBS_USE_BRDF1 UNITY_SPECCUBE_BOX_PROJECTION UNITY_SPECCUBE_BLENDING UNITY_ENABLE_DETAIL_NORMALMAP SHADER_API_DESKTOP UNITY_LIGHT_PROBE_PROXY_VOLUME UNITY_LIGHTMAP_FULL_HDR ok=1
Cmd: compileSnippet
  api=4 type=1 insize=18960 outsize=366 kw= pd=UNITY_ENABLE_REFLECTION_BUFFERS UNITY_USE_DITHER_MASK_FOR_ALPHABLENDED_SHADOWS UNITY_PBS_USE_BRDF1 UNITY_SPECCUBE_BOX_PROJECTION UNITY_SPECCUBE_BLENDING UNITY_ENABLE_DETAIL_NORMALMAP SHADER_API_DESKTOP UNITY_LIGHT_PROBE_PROXY_VOLUME UNITY_LIGHTMAP_FULL_HDR ok=1
Cmd: preprocess
  insize=5192 outsize=469 ok=1
Cmd: preprocess
  insize=5192 outsize=469 ok=1
Cmd: preprocess
  insize=15173 outsize=1413 ok=1
Cmd: preprocess
  insize=15596 outsize=1417 ok=1
Cmd: preprocess
  insize=15596 outsize=1417 ok=1
Cmd: preprocess
  insize=15596 outsize=1417 ok=1
Cmd: preprocess
  insize=15596 outsize=1417 ok=1
Cmd: preprocess
  insize=15596 outsize=1417 ok=1
Cmd: preprocess
  insize=17681 outsize=1414 ok=1
Cmd: preprocess
  insize=153478 outsize=7005 ok=1
Cmd: preprocess
  insize=16117 outsize=1414 ok=1
Cmd: preprocess
  insize=16117 outsize=1414 ok=1
Cmd: preprocess
  insize=771 outsize=196 ok=1
Cmd: preprocess
  insize=771 outsize=196 ok=1
Cmd: preprocess
  insize=771 outsize=196 ok=1
Cmd: preprocess
  insize=771 outsize=196 ok=1
Cmd: preprocess
  insize=771 outsize=196 ok=1
Cmd: preprocess
  insize=771 outsize=196 ok=1
Cmd: preprocess
  insize=771 outsize=196 ok=1
Cmd: preprocess
  insize=771 outsize=196 ok=1
Cmd: preprocess
  insize=771 outsize=196 ok=1
Cmd: preprocess
  insize=771 outsize=196 ok=1
Cmd: preprocess
  insize=771 outsize=196 ok=1
Cmd: preprocess
  insize=771 outsize=196 ok=1
Cmd: preprocess
  insize=771 outsize=196 ok=1
Cmd: preprocess
  insize=771 outsize=196 ok=1
Cmd: preprocess
  insize=771 outsize=196 ok=1
Cmd: preprocess
  insize=771 outsize=196 ok=1
Cmd: preprocess
  insize=771 outsize=196 ok=1
Cmd: preprocess
  insize=771 outsize=196 ok=1
Cmd: preprocess
  insize=771 outsize=196 ok=1
Cmd: preprocess
  insize=771 outsize=196 ok=1
Cmd: preprocess
  insize=771 outsize=196 ok=1
Cmd: preprocess
  insize=771 outsize=196 ok=1
Cmd: preprocess
  insize=771 outsize=196 ok=1
Cmd: preprocess
  insize=771 outsize=196 ok=1
Cmd: preprocess
  insize=771 outsize=196 ok=1
Cmd: preprocess
  insize=771 outsize=196 ok=1
Cmd: preprocess
  insize=771 outsize=196 ok=1
Cmd: preprocess
  insize=771 outsize=196 ok=1
Cmd: preprocess
  insize=771 outsize=196 ok=1
Cmd: preprocess
  insize=771 outsize=196 ok=1
Cmd: preprocess
  insize=771 outsize=196 ok=1
Cmd: preprocess
  insize=771 outsize=196 ok=1
Cmd: preprocess
  insize=771 outsize=196 ok=1
Cmd: preprocess
  insize=771 outsize=196 ok=1
Cmd: preprocess
  insize=771 outsize=196 ok=1
Cmd: preprocess
  insize=153478 outsize=7005 ok=1
Cmd: preprocess
  insize=4002 outsize=477 ok=1
Cmd: preprocess
  insize=15596 outsize=1417 ok=1
Cmd: preprocess
  insize=15596 outsize=1417 ok=1
Cmd: preprocess
  insize=15596 outsize=1417 ok=1
Cmd: preprocess
  insize=16117 outsize=1414 ok=1
Cmd: preprocess
  insize=15596 outsize=1417 ok=1
Cmd: preprocess
  insize=15596 outsize=1417 ok=1
Cmd: preprocess
  insize=16117 outsize=1414 ok=1
Cmd: preprocess
  insize=17681 outsize=1414 ok=1
Cmd: preprocess
  insize=3597 outsize=359 ok=1
Cmd: preprocess
  insize=4471 outsize=477 ok=1
Cmd: preprocess
  insize=4471 outsize=477 ok=1
Cmd: preprocess
  insize=5876 outsize=583 ok=1
Cmd: preprocess
  insize=3597 outsize=359 ok=1
Cmd: preprocess
  insize=4471 outsize=477 ok=1
Cmd: preprocess
  insize=3597 outsize=359 ok=1
Cmd: preprocess
  insize=4471 outsize=477 ok=1
Cmd: preprocess
  insize=3597 outsize=359 ok=1
Cmd: preprocess
  insize=5876 outsize=583 ok=1
Cmd: preprocess
  insize=4471 outsize=476 ok=1
Cmd: preprocess
  insize=3597 outsize=359 ok=1
Cmd: preprocess
  insize=4463 outsize=477 ok=1
Cmd: preprocess
  insize=3588 outsize=358 ok=1
Cmd: preprocess
  insize=5868 outsize=583 ok=1
Cmd: preprocess
  insize=4471 outsize=477 ok=1
Cmd: preprocess
  insize=3597 outsize=359 ok=1
Cmd: preprocess
  insize=4471 outsize=476 ok=1
Cmd: preprocess
  insize=3597 outsize=359 ok=1
Cmd: preprocess
  insize=5876 outsize=583 ok=1
Cmd: preprocess
  insize=8540 outsize=820 ok=1
Cmd: preprocess
  insize=8548 outsize=820 ok=1
Cmd: preprocess
  insize=13884 outsize=1292 ok=1
Cmd: preprocess
  insize=14899 outsize=1410 ok=1
Cmd: preprocess
  insize=15173 outsize=1413 ok=1
Cmd: preprocess
  insize=771 outsize=196 ok=1
Cmd: preprocess
  insize=771 outsize=196 ok=1
Cmd: preprocess
  insize=771 outsize=196 ok=1
Cmd: preprocess
  insize=771 outsize=196 ok=1
Cmd: preprocess
  insize=771 outsize=196 ok=1
Cmd: preprocess
  insize=771 outsize=196 ok=1
Cmd: preprocess
  insize=771 outsize=196 ok=1
Cmd: preprocess
  insize=771 outsize=196 ok=1
Cmd: preprocess
  insize=771 outsize=196 ok=1
Cmd: preprocess
  insize=771 outsize=196 ok=1
Cmd: preprocess
  insize=771 outsize=196 ok=1
Cmd: preprocess
  insize=771 outsize=196 ok=1
Cmd: preprocess
  insize=771 outsize=196 ok=1
Cmd: preprocess
  insize=771 outsize=196 ok=1
Cmd: preprocess
  insize=771 outsize=196 ok=1
Cmd: preprocess
  insize=771 outsize=196 ok=1
Cmd: preprocess
  insize=771 outsize=196 ok=1
Cmd: preprocess
  insize=771 outsize=196 ok=1
Cmd: preprocess
  insize=771 outsize=196 ok=1
Cmd: preprocess
  insize=771 outsize=196 ok=1
Cmd: preprocess
  insize=771 outsize=196 ok=1
Cmd: preprocess
  insize=771 outsize=196 ok=1
Cmd: preprocess
  insize=771 outsize=196 ok=1
Cmd: preprocess
  insize=771 outsize=196 ok=1
Cmd: preprocess
  insize=771 outsize=196 ok=1
Cmd: preprocess
  insize=771 outsize=196 ok=1
Cmd: preprocess
  insize=771 outsize=196 ok=1
Cmd: preprocess
  insize=771 outsize=196 ok=1
Cmd: preprocess
  insize=771 outsize=196 ok=1
Cmd: preprocess
  insize=771 outsize=196 ok=1
Cmd: preprocess
  insize=771 outsize=196 ok=1
Cmd: preprocess
  insize=771 outsize=196 ok=1
Cmd: preprocess
  insize=771 outsize=196 ok=1
Cmd: preprocess
  insize=771 outsize=196 ok=1
Cmd: preprocess
  insize=771 outsize=196 ok=1
Cmd: preprocess
  insize=153478 outsize=7005 ok=1
Cmd: preprocess
  insize=4002 outsize=477 ok=1
Cmd: preprocess
  insize=15596 outsize=1417 ok=1
Cmd: preprocess
  insize=15596 outsize=1417 ok=1
Cmd: preprocess
  insize=15596 outsize=1417 ok=1
Cmd: preprocess
  insize=16117 outsize=1414 ok=1
Cmd: preprocess
  insize=15596 outsize=1417 ok=1
Cmd: preprocess
  insize=15596 outsize=1417 ok=1
Cmd: preprocess
  insize=16117 outsize=1414 ok=1
Cmd: preprocess
  insize=17681 outsize=1414 ok=1
Cmd: preprocess
  insize=3597 outsize=359 ok=1
Cmd: preprocess
  insize=4471 outsize=477 ok=1
Cmd: preprocess
  insize=4471 outsize=477 ok=1
Cmd: preprocess
  insize=5876 outsize=583 ok=1
Cmd: preprocess
  insize=3597 outsize=359 ok=1
Cmd: preprocess
  insize=4471 outsize=477 ok=1
Cmd: preprocess
  insize=3597 outsize=359 ok=1
Cmd: preprocess
  insize=4471 outsize=477 ok=1
Cmd: preprocess
  insize=3597 outsize=359 ok=1
Cmd: preprocess
  insize=5876 outsize=583 ok=1
Cmd: preprocess
  insize=4471 outsize=476 ok=1
Cmd: preprocess
  insize=3597 outsize=359 ok=1
Cmd: preprocess
  insize=4463 outsize=477 ok=1
Cmd: preprocess
  insize=3588 outsize=358 ok=1
Cmd: preprocess
  insize=5868 outsize=583 ok=1
Cmd: preprocess
  insize=4471 outsize=477 ok=1
Cmd: preprocess
  insize=3597 outsize=359 ok=1
Cmd: preprocess
  insize=4471 outsize=476 ok=1
Cmd: preprocess
  insize=3597 outsize=359 ok=1
Cmd: preprocess
  insize=5876 outsize=583 ok=1
Cmd: preprocess
  insize=8540 outsize=820 ok=1
Cmd: preprocess
  insize=8548 outsize=820 ok=1
Cmd: preprocess
  insize=13884 outsize=1292 ok=1
Cmd: preprocess
  insize=14899 outsize=1410 ok=1
Cmd: preprocess
  insize=15173 outsize=1413 ok=1
Cmd: preprocess
  insize=146331 outsize=7015 ok=1
Cmd: compileSnippet
  api=4 type=0 insize=18604 outsize=810 kw=UNITY_PASS_SHADOWCASTER pd=UNITY_ENABLE_REFLECTION_BUFFERS UNITY_USE_DITHER_MASK_FOR_ALPHABLENDED_SHADOWS UNITY_PBS_USE_BRDF1 UNITY_SPECCUBE_BOX_PROJECTION UNITY_SPECCUBE_BLENDING UNITY_ENABLE_DETAIL_NORMALMAP SHADER_API_DESKTOP UNITY_LIGHT_PROBE_PROXY_VOLUME UNITY_LIGHTMAP_FULL_HDR ok=1
Cmd: compileSnippet
  api=4 type=1 insize=18604 outsize=142 kw=UNITY_PASS_SHADOWCASTER pd=UNITY_ENABLE_REFLECTION_BUFFERS UNITY_USE_DITHER_MASK_FOR_ALPHABLENDED_SHADOWS UNITY_PBS_USE_BRDF1 UNITY_SPECCUBE_BOX_PROJECTION UNITY_SPECCUBE_BLENDING UNITY_ENABLE_DETAIL_NORMALMAP SHADER_API_DESKTOP UNITY_LIGHT_PROBE_PROXY_VOLUME UNITY_LIGHTMAP_FULL_HDR ok=1
Cmd: compileSnippet
  api=4 type=0 insize=33374 outsize=838 kw=UNITY_PASS_META pd=UNITY_ENABLE_REFLECTION_BUFFERS UNITY_USE_DITHER_MASK_FOR_ALPHABLENDED_SHADOWS UNITY_PBS_USE_BRDF1 UNITY_SPECCUBE_BOX_PROJECTION UNITY_SPECCUBE_BLENDING UNITY_ENABLE_DETAIL_NORMALMAP SHADER_API_DESKTOP UNITY_LIGHT_PROBE_PROXY_VOLUME UNITY_LIGHTMAP_FULL_HDR ok=1
Cmd: compileSnippet
  api=4 type=1 insize=33374 outsize=410 kw=UNITY_PASS_META pd=UNITY_ENABLE_REFLECTION_BUFFERS UNITY_USE_DITHER_MASK_FOR_ALPHABLENDED_SHADOWS UNITY_PBS_USE_BRDF1 UNITY_SPECCUBE_BOX_PROJECTION UNITY_SPECCUBE_BLENDING UNITY_ENABLE_DETAIL_NORMALMAP SHADER_API_DESKTOP UNITY_LIGHT_PROBE_PROXY_VOLUME UNITY_LIGHTMAP_FULL_HDR ok=1
Cmd: compileSnippet
  api=4 type=0 insize=18702 outsize=810 kw= pd=UNITY_ENABLE_REFLECTION_BUFFERS UNITY_USE_DITHER_MASK_FOR_ALPHABLENDED_SHADOWS UNITY_PBS_USE_BRDF1 UNITY_SPECCUBE_BOX_PROJECTION UNITY_SPECCUBE_BLENDING UNITY_ENABLE_DETAIL_NORMALMAP SHADER_API_DESKTOP UNITY_LIGHT_PROBE_PROXY_VOLUME UNITY_LIGHTMAP_FULL_HDR ok=1
Cmd: compileSnippet
  api=4 type=1 insize=18702 outsize=262 kw= pd=UNITY_ENABLE_REFLECTION_BUFFERS UNITY_USE_DITHER_MASK_FOR_ALPHABLENDED_SHADOWS UNITY_PBS_USE_BRDF1 UNITY_SPECCUBE_BOX_PROJECTION UNITY_SPECCUBE_BLENDING UNITY_ENABLE_DETAIL_NORMALMAP SHADER_API_DESKTOP UNITY_LIGHT_PROBE_PROXY_VOLUME UNITY_LIGHTMAP_FULL_HDR ok=1
Cmd: compileSnippet
  api=4 type=0 insize=18669 outsize=810 kw= pd=UNITY_ENABLE_REFLECTION_BUFFERS UNITY_USE_DITHER_MASK_FOR_ALPHABLENDED_SHADOWS UNITY_PBS_USE_BRDF1 UNITY_SPECCUBE_BOX_PROJECTION UNITY_SPECCUBE_BLENDING UNITY_ENABLE_DETAIL_NORMALMAP SHADER_API_DESKTOP UNITY_LIGHT_PROBE_PROXY_VOLUME UNITY_LIGHTMAP_FULL_HDR ok=1
Cmd: compileSnippet
  api=4 type=1 insize=18669 outsize=142 kw= pd=UNITY_ENABLE_REFLECTION_BUFFERS UNITY_USE_DITHER_MASK_FOR_ALPHABLENDED_SHADOWS UNITY_PBS_USE_BRDF1 UNITY_SPECCUBE_BOX_PROJECTION UNITY_SPECCUBE_BLENDING UNITY_ENABLE_DETAIL_NORMALMAP SHADER_API_DESKTOP UNITY_LIGHT_PROBE_PROXY_VOLUME UNITY_LIGHTMAP_FULL_HDR ok=1
Cmd: compileSnippet
  api=4 type=0 insize=19025 outsize=1834 kw=UNITY_PASS_MOTIONVECTORS pd=UNITY_ENABLE_REFLECTION_BUFFERS UNITY_USE_DITHER_MASK_FOR_ALPHABLENDED_SHADOWS UNITY_PBS_USE_BRDF1 UNITY_SPECCUBE_BOX_PROJECTION UNITY_SPECCUBE_BLENDING UNITY_ENABLE_DETAIL_NORMALMAP SHADER_API_DESKTOP UNITY_LIGHT_PROBE_PROXY_VOLUME UNITY_LIGHTMAP_FULL_HDR ok=1
Cmd: compileSnippet
  api=4 type=1 insize=19025 outsize=562 kw=UNITY_PASS_MOTIONVECTORS pd=UNITY_ENABLE_REFLECTION_BUFFERS UNITY_USE_DITHER_MASK_FOR_ALPHABLENDED_SHADOWS UNITY_PBS_USE_BRDF1 UNITY_SPECCUBE_BOX_PROJECTION UNITY_SPECCUBE_BLENDING UNITY_ENABLE_DETAIL_NORMALMAP SHADER_API_DESKTOP UNITY_LIGHT_PROBE_PROXY_VOLUME UNITY_LIGHTMAP_FULL_HDR ok=1
Cmd: compileSnippet
  api=4 type=0 insize=32975 outsize=922 kw= pd=UNITY_ENABLE_REFLECTION_BUFFERS UNITY_USE_DITHER_MASK_FOR_ALPHABLENDED_SHADOWS UNITY_PBS_USE_BRDF1 UNITY_SPECCUBE_BOX_PROJECTION UNITY_SPECCUBE_BLENDING UNITY_ENABLE_DETAIL_NORMALMAP SHADER_API_DESKTOP UNITY_LIGHT_PROBE_PROXY_VOLUME UNITY_LIGHTMAP_FULL_HDR ok=1
Cmd: compileSnippet
  api=4 type=1 insize=32975 outsize=1890 kw= pd=UNITY_ENABLE_REFLECTION_BUFFERS UNITY_USE_DITHER_MASK_FOR_ALPHABLENDED_SHADOWS UNITY_PBS_USE_BRDF1 UNITY_SPECCUBE_BOX_PROJECTION UNITY_SPECCUBE_BLENDING UNITY_ENABLE_DETAIL_NORMALMAP SHADER_API_DESKTOP UNITY_LIGHT_PROBE_PROXY_VOLUME UNITY_LIGHTMAP_FULL_HDR ok=1
Cmd: preprocess
  insize=771 outsize=196 ok=1
Cmd: preprocess
  insize=771 outsize=196 ok=1
Cmd: preprocess
  insize=771 outsize=196 ok=1
Cmd: preprocess
  insize=771 outsize=196 ok=1
Cmd: preprocess
  insize=771 outsize=196 ok=1
Cmd: preprocess
  insize=771 outsize=196 ok=1
Cmd: preprocess
  insize=771 outsize=196 ok=1
Cmd: preprocess
  insize=771 outsize=196 ok=1
Cmd: preprocess
  insize=771 outsize=196 ok=1
Cmd: preprocess
  insize=771 outsize=196 ok=1
Cmd: preprocess
  insize=771 outsize=196 ok=1
Cmd: preprocess
  insize=771 outsize=196 ok=1
Cmd: preprocess
  insize=771 outsize=196 ok=1
Cmd: preprocess
  insize=771 outsize=196 ok=1
Cmd: preprocess
  insize=771 outsize=196 ok=1
Cmd: preprocess
  insize=771 outsize=196 ok=1
Cmd: preprocess
  insize=771 outsize=196 ok=1
Cmd: preprocess
  insize=771 outsize=196 ok=1
Cmd: preprocess
  insize=771 outsize=196 ok=1
Cmd: preprocess
  insize=771 outsize=196 ok=1
Cmd: preprocess
  insize=771 outsize=196 ok=1
Cmd: preprocess
  insize=771 outsize=196 ok=1
Cmd: preprocess
  insize=771 outsize=196 ok=1
Cmd: preprocess
  insize=771 outsize=196 ok=1
Cmd: preprocess
  insize=771 outsize=196 ok=1
Cmd: preprocess
  insize=771 outsize=196 ok=1
Cmd: preprocess
  insize=771 outsize=196 ok=1
Cmd: preprocess
  insize=771 outsize=196 ok=1
Cmd: preprocess
  insize=771 outsize=196 ok=1
Cmd: preprocess
  insize=771 outsize=196 ok=1
Cmd: preprocess
  insize=771 outsize=196 ok=1
Cmd: preprocess
  insize=771 outsize=196 ok=1
Cmd: preprocess
  insize=771 outsize=196 ok=1
Cmd: preprocess
  insize=771 outsize=196 ok=1
Cmd: preprocess
  insize=771 outsize=196 ok=1
Cmd: preprocess
  insize=15173 outsize=1413 ok=1
Cmd: preprocess
  insize=14899 outsize=1410 ok=1
Cmd: preprocess
  insize=13884 outsize=1292 ok=1
Cmd: preprocess
  insize=8548 outsize=820 ok=1
Cmd: preprocess
  insize=8540 outsize=820 ok=1
Cmd: preprocess
  insize=5876 outsize=583 ok=1
Cmd: preprocess
  insize=3597 outsize=359 ok=1
Cmd: preprocess
  insize=4471 outsize=476 ok=1
Cmd: preprocess
  insize=3597 outsize=359 ok=1
Cmd: preprocess
  insize=4471 outsize=477 ok=1
Cmd: preprocess
  insize=5868 outsize=583 ok=1
Cmd: preprocess
  insize=3588 outsize=358 ok=1
Cmd: preprocess
  insize=4463 outsize=477 ok=1
Cmd: preprocess
  insize=3597 outsize=359 ok=1
Cmd: preprocess
  insize=4471 outsize=476 ok=1
Cmd: preprocess
  insize=5876 outsize=583 ok=1
Cmd: preprocess
  insize=3597 outsize=359 ok=1
Cmd: preprocess
  insize=4471 outsize=477 ok=1
Cmd: preprocess
  insize=3597 outsize=359 ok=1
Cmd: preprocess
  insize=4471 outsize=477 ok=1
Cmd: preprocess
  insize=3597 outsize=359 ok=1
Cmd: preprocess
  insize=5876 outsize=583 ok=1
Cmd: preprocess
  insize=4471 outsize=477 ok=1
Cmd: preprocess
  insize=4471 outsize=477 ok=1
Cmd: preprocess
  insize=3597 outsize=359 ok=1
Cmd: preprocess
  insize=17681 outsize=1414 ok=1
Cmd: preprocess
  insize=16117 outsize=1414 ok=1
Cmd: preprocess
  insize=15596 outsize=1417 ok=1
Cmd: preprocess
  insize=15596 outsize=1417 ok=1
Cmd: preprocess
  insize=16117 outsize=1414 ok=1
Cmd: preprocess
  insize=15596 outsize=1417 ok=1
Cmd: preprocess
  insize=15596 outsize=1417 ok=1
Cmd: preprocess
  insize=15596 outsize=1417 ok=1
Cmd: preprocess
  insize=4002 outsize=477 ok=1
Cmd: preprocess
  insize=153478 outsize=7005 ok=1
Cmd: preprocess
  insize=4248 outsize=467 ok=1
Cmd: preprocess
  insize=4671 outsize=472 ok=1
Cmd: preprocess
  insize=4671 outsize=472 ok=1
Cmd: preprocess
  insize=4671 outsize=471 ok=1
Cmd: preprocess
  insize=4671 outsize=472 ok=1
Cmd: preprocess
  insize=4671 outsize=472 ok=1
Cmd: preprocess
  insize=6756 outsize=470 ok=1
Cmd: preprocess
  insize=128732 outsize=6126 ok=1
Cmd: preprocess
  insize=5192 outsize=468 ok=1
Cmd: preprocess
  insize=5192 outsize=469 ok=1
Cmd: preprocess
  insize=15173 outsize=1413 ok=1
Cmd: preprocess
  insize=15596 outsize=1417 ok=1
Cmd: preprocess
  insize=15596 outsize=1417 ok=1
Cmd: preprocess
  insize=15596 outsize=1417 ok=1
Cmd: preprocess
  insize=15596 outsize=1417 ok=1
Cmd: preprocess
  insize=15596 outsize=1417 ok=1
Cmd: preprocess
  insize=17681 outsize=1414 ok=1
Cmd: preprocess
  insize=153478 outsize=7005 ok=1
Cmd: preprocess
  insize=16117 outsize=1414 ok=1
Cmd: preprocess
  insize=16117 outsize=1414 ok=1
Cmd: preprocess
  insize=771 outsize=196 ok=1
Cmd: preprocess
  insize=3134 outsize=345 ok=1
Cmd: preprocess
  insize=15203 outsize=1413 ok=1
Cmd: preprocess
  insize=15635 outsize=1416 ok=1
Cmd: preprocess
  insize=15635 outsize=1417 ok=1
Cmd: preprocess
  insize=15635 outsize=1417 ok=1
Cmd: preprocess
  insize=15635 outsize=1417 ok=1
Cmd: preprocess
  insize=15635 outsize=1417 ok=1
Cmd: preprocess
  insize=17749 outsize=1414 ok=1
Cmd: preprocess
  insize=153614 outsize=7005 ok=1
Cmd: preprocess
  insize=16166 outsize=1414 ok=1
Cmd: preprocess
  insize=16166 outsize=1414 ok=1
Cmd: preprocess
  insize=15173 outsize=1413 ok=1
Cmd: preprocess
  insize=15596 outsize=1417 ok=1
Cmd: preprocess
  insize=15596 outsize=1417 ok=1
Cmd: preprocess
  insize=15596 outsize=1417 ok=1
Cmd: preprocess
  insize=15596 outsize=1417 ok=1
Cmd: preprocess
  insize=15596 outsize=1417 ok=1
Cmd: preprocess
  insize=17681 outsize=1414 ok=1
Cmd: preprocess
  insize=153478 outsize=7005 ok=1
Cmd: preprocess
  insize=16117 outsize=1414 ok=1
Cmd: preprocess
  insize=16117 outsize=1414 ok=1
Cmd: preprocess
  insize=771 outsize=196 ok=1
Cmd: preprocess
  insize=3134 outsize=346 ok=1
Cmd: preprocess
  insize=3583 outsize=359 ok=1
Cmd: preprocess
  insize=4457 outsize=477 ok=1
Cmd: preprocess
  insize=5854 outsize=582 ok=1
Cmd: preprocess
  insize=8526 outsize=820 ok=1
Cmd: preprocess
  insize=13870 outsize=1292 ok=1
Cmd: preprocess
  insize=14885 outsize=1410 ok=1
Cmd: preprocess
  insize=15159 outsize=1412 ok=1
Cmd: preprocess
  insize=15582 outsize=1416 ok=1
Cmd: preprocess
  insize=15582 outsize=1417 ok=1
Cmd: preprocess
  insize=15582 outsize=1417 ok=1
Cmd: preprocess
  insize=15582 outsize=1417 ok=1
Cmd: preprocess
  insize=15582 outsize=1417 ok=1
Cmd: preprocess
  insize=17667 outsize=1414 ok=1
Cmd: preprocess
  insize=153450 outsize=7005 ok=1
Cmd: preprocess
  insize=16103 outsize=1414 ok=1
Cmd: preprocess
  insize=16103 outsize=1414 ok=1
Cmd: preprocess
  insize=3597 outsize=359 ok=1
Cmd: preprocess
  insize=4471 outsize=476 ok=1
Cmd: preprocess
  insize=5868 outsize=583 ok=1
Cmd: preprocess
  insize=8540 outsize=820 ok=1
Cmd: preprocess
  insize=13884 outsize=1292 ok=1
Cmd: preprocess
  insize=14899 outsize=1410 ok=1
Cmd: preprocess
  insize=15173 outsize=1413 ok=1
Cmd: preprocess
  insize=15596 outsize=1417 ok=1
Cmd: preprocess
  insize=15596 outsize=1417 ok=1
Cmd: preprocess
  insize=15596 outsize=1417 ok=1
Cmd: preprocess
  insize=15596 outsize=1417 ok=1
Cmd: preprocess
  insize=15596 outsize=1417 ok=1
Cmd: preprocess
  insize=17681 outsize=1414 ok=1
Cmd: preprocess
  insize=153478 outsize=7005 ok=1
Cmd: preprocess
  insize=16117 outsize=1414 ok=1
Cmd: preprocess
  insize=16117 outsize=1414 ok=1
Cmd: preprocess
  insize=3583 outsize=359 ok=1
Cmd: preprocess
  insize=4457 outsize=477 ok=1
Cmd: preprocess
  insize=5854 outsize=582 ok=1
Cmd: preprocess
  insize=8526 outsize=820 ok=1
Cmd: preprocess
  insize=13870 outsize=1292 ok=1
Cmd: preprocess
  insize=14885 outsize=1410 ok=1
Cmd: preprocess
  insize=15159 outsize=1412 ok=1
Cmd: preprocess
  insize=15582 outsize=1416 ok=1
Cmd: preprocess
  insize=15582 outsize=1417 ok=1
Cmd: preprocess
  insize=15582 outsize=1417 ok=1
Cmd: preprocess
  insize=15582 outsize=1417 ok=1
Cmd: preprocess
  insize=15582 outsize=1417 ok=1
Cmd: preprocess
  insize=17667 outsize=1414 ok=1
Cmd: preprocess
  insize=153450 outsize=7005 ok=1
Cmd: preprocess
  insize=16103 outsize=1414 ok=1
Cmd: preprocess
  insize=16103 outsize=1414 ok=1
Cmd: preprocess
  insize=3597 outsize=359 ok=1
Cmd: preprocess
  insize=4471 outsize=476 ok=1
Cmd: preprocess
  insize=5868 outsize=583 ok=1
Cmd: preprocess
  insize=8540 outsize=820 ok=1
Cmd: preprocess
  insize=13884 outsize=1292 ok=1
Cmd: preprocess
  insize=14899 outsize=1410 ok=1
Cmd: preprocess
  insize=15173 outsize=1413 ok=1
Cmd: preprocess
  insize=15596 outsize=1417 ok=1
Cmd: preprocess
  insize=15596 outsize=1417 ok=1
Cmd: preprocess
  insize=15596 outsize=1417 ok=1
Cmd: preprocess
  insize=15596 outsize=1417 ok=1
Cmd: preprocess
  insize=15596 outsize=1417 ok=1
Cmd: preprocess
  insize=17681 outsize=1414 ok=1
Cmd: preprocess
  insize=153478 outsize=7005 ok=1
Cmd: preprocess
  insize=16117 outsize=1414 ok=1
Cmd: preprocess
  insize=16117 outsize=1414 ok=1
Cmd: preprocess
  insize=771 outsize=196 ok=1
Cmd: preprocess
  insize=3189 outsize=350 ok=1
Cmd: preprocess
  insize=15186 outsize=1413 ok=1
Cmd: preprocess
  insize=3189 outsize=350 ok=1
Cmd: preprocess
  insize=15186 outsize=1413 ok=1
Cmd: preprocess
  insize=771 outsize=196 ok=1
Cmd: preprocess
  insize=3303 outsize=352 ok=1
Cmd: preprocess
  insize=15301 outsize=1415 ok=1
Cmd: preprocess
  insize=18039 outsize=1414 ok=1
Cmd: preprocess
  insize=154450 outsize=7004 ok=1
Cmd: compileSnippet
  api=4 type=0 insize=18960 outsize=810 kw= pd=UNITY_ENABLE_REFLECTION_BUFFERS UNITY_USE_DITHER_MASK_FOR_ALPHABLENDED_SHADOWS UNITY_PBS_USE_BRDF1 UNITY_SPECCUBE_BOX_PROJECTION UNITY_SPECCUBE_BLENDING UNITY_ENABLE_DETAIL_NORMALMAP SHADER_API_DESKTOP UNITY_LIGHT_PROBE_PROXY_VOLUME UNITY_LIGHTMAP_FULL_HDR ok=1
Cmd: compileSnippet
  api=4 type=1 insize=18960 outsize=366 kw= pd=UNITY_ENABLE_REFLECTION_BUFFERS UNITY_USE_DITHER_MASK_FOR_ALPHABLENDED_SHADOWS UNITY_PBS_USE_BRDF1 UNITY_SPECCUBE_BOX_PROJECTION UNITY_SPECCUBE_BLENDING UNITY_ENABLE_DETAIL_NORMALMAP SHADER_API_DESKTOP UNITY_LIGHT_PROBE_PROXY_VOLUME UNITY_LIGHTMAP_FULL_HDR ok=1
Cmd: preprocess
  insize=17681 outsize=1414 ok=1
Cmd: preprocess
  insize=153478 outsize=7005 ok=1
Cmd: preprocess
  insize=17380 outsize=1414 ok=1
Cmd: preprocess
  insize=152844 outsize=7005 ok=1
Cmd: compileSnippet
  api=4 type=0 insize=18960 outsize=810 kw= pd=UNITY_ENABLE_REFLECTION_BUFFERS UNITY_USE_DITHER_MASK_FOR_ALPHABLENDED_SHADOWS UNITY_PBS_USE_BRDF1 UNITY_SPECCUBE_BOX_PROJECTION UNITY_SPECCUBE_BLENDING UNITY_ENABLE_DETAIL_NORMALMAP SHADER_API_DESKTOP UNITY_LIGHT_PROBE_PROXY_VOLUME UNITY_LIGHTMAP_FULL_HDR ok=1
Cmd: compileSnippet
  api=4 type=1 insize=18960 outsize=366 kw= pd=UNITY_ENABLE_REFLECTION_BUFFERS UNITY_USE_DITHER_MASK_FOR_ALPHABLENDED_SHADOWS UNITY_PBS_USE_BRDF1 UNITY_SPECCUBE_BOX_PROJECTION UNITY_SPECCUBE_BLENDING UNITY_ENABLE_DETAIL_NORMALMAP SHADER_API_DESKTOP UNITY_LIGHT_PROBE_PROXY_VOLUME UNITY_LIGHTMAP_FULL_HDR ok=1
Cmd: preprocess
  insize=17022 outsize=1414 ok=1
Cmd: preprocess
  insize=151872 outsize=7005 ok=1
Cmd: compileSnippet
  api=4 type=0 insize=18960 outsize=810 kw= pd=UNITY_ENABLE_REFLECTION_BUFFERS UNITY_USE_DITHER_MASK_FOR_ALPHABLENDED_SHADOWS UNITY_PBS_USE_BRDF1 UNITY_SPECCUBE_BOX_PROJECTION UNITY_SPECCUBE_BLENDING UNITY_ENABLE_DETAIL_NORMALMAP SHADER_API_DESKTOP UNITY_LIGHT_PROBE_PROXY_VOLUME UNITY_LIGHTMAP_FULL_HDR ok=1
Cmd: compileSnippet
  api=4 type=1 insize=18960 outsize=366 kw= pd=UNITY_ENABLE_REFLECTION_BUFFERS UNITY_USE_DITHER_MASK_FOR_ALPHABLENDED_SHADOWS UNITY_PBS_USE_BRDF1 UNITY_SPECCUBE_BOX_PROJECTION UNITY_SPECCUBE_BLENDING UNITY_ENABLE_DETAIL_NORMALMAP SHADER_API_DESKTOP UNITY_LIGHT_PROBE_PROXY_VOLUME UNITY_LIGHTMAP_FULL_HDR ok=1
Cmd: preprocess
  insize=15548 outsize=1413 ok=1
Cmd: preprocess
  insize=15980 outsize=1416 ok=1
Cmd: preprocess
  insize=15980 outsize=1417 ok=1
Cmd: preprocess
  insize=15980 outsize=1416 ok=1
Cmd: preprocess
  insize=15980 outsize=1417 ok=1
Cmd: preprocess
  insize=15980 outsize=1417 ok=1
Cmd: preprocess
  insize=17421 outsize=1413 ok=1
Cmd: preprocess
  insize=152926 outsize=7005 ok=1
Cmd: preprocess
  insize=16511 outsize=1414 ok=1
Cmd: preprocess
  insize=16511 outsize=1414 ok=1
Cmd: preprocess
  insize=771 outsize=196 ok=1
Cmd: preprocess
  insize=3298 outsize=354 ok=1
Cmd: preprocess
  insize=15695 outsize=1417 ok=1
Cmd: preprocess
  insize=15657 outsize=1416 ok=1
Cmd: preprocess
  insize=15695 outsize=1417 ok=1
Cmd: preprocess
  insize=3298 outsize=354 ok=1
Cmd: preprocess
  insize=771 outsize=196 ok=1
Cmd: preprocess
  insize=3284 outsize=356 ok=1
Cmd: preprocess
  insize=15672 outsize=1419 ok=1
Cmd: preprocess
  insize=15173 outsize=1413 ok=1
Cmd: preprocess
  insize=15596 outsize=1417 ok=1
Cmd: preprocess
  insize=15596 outsize=1417 ok=1
Cmd: preprocess
  insize=15596 outsize=1417 ok=1
Cmd: preprocess
  insize=15596 outsize=1417 ok=1
Cmd: preprocess
  insize=15596 outsize=1417 ok=1
Cmd: preprocess
  insize=17022 outsize=1414 ok=1
Cmd: preprocess
  insize=151872 outsize=7005 ok=1
Cmd: preprocess
  insize=16117 outsize=1414 ok=1
Cmd: preprocess
  insize=16117 outsize=1414 ok=1
Cmd: preprocess
  insize=17681 outsize=1414 ok=1
Cmd: preprocess
  insize=153478 outsize=7005 ok=1
Cmd: preprocess
  insize=4248 outsize=468 ok=1
Cmd: preprocess
  insize=4671 outsize=472 ok=1
Cmd: preprocess
  insize=4671 outsize=472 ok=1
Cmd: preprocess
  insize=4671 outsize=472 ok=1
Cmd: preprocess
  insize=4671 outsize=472 ok=1
Cmd: preprocess
  insize=4671 outsize=472 ok=1
Cmd: preprocess
  insize=6756 outsize=470 ok=1
Cmd: preprocess
  insize=128732 outsize=6125 ok=1
Cmd: preprocess
  insize=5192 outsize=469 ok=1
Cmd: preprocess
  insize=5192 outsize=469 ok=1
Cmd: preprocess
  insize=771 outsize=196 ok=1
Cmd: preprocess
  insize=4159 outsize=359 ok=1
Cmd: preprocess
  insize=5564 outsize=465 ok=1
Cmd: preprocess
  insize=8236 outsize=701 ok=1
Cmd: preprocess
  insize=13572 outsize=1174 ok=1
Cmd: preprocess
  insize=14587 outsize=1292 ok=1
Cmd: preprocess
  insize=14989 outsize=1297 ok=1
Cmd: preprocess
  insize=15360 outsize=1301 ok=1
Cmd: preprocess
  insize=4159 outsize=359 ok=1
Cmd: preprocess
  insize=5564 outsize=464 ok=1
Cmd: preprocess
  insize=8228 outsize=702 ok=1
Cmd: preprocess
  insize=13260 outsize=1056 ok=1
Cmd: preprocess
  insize=14275 outsize=1174 ok=1
Cmd: preprocess
  insize=14677 outsize=1179 ok=1
Cmd: preprocess
  insize=15048 outsize=1183 ok=1
Cmd: preprocess
  insize=4159 outsize=358 ok=1
Cmd: preprocess
  insize=5252 outsize=347 ok=1
Cmd: preprocess
  insize=7924 outsize=584 ok=1
Cmd: preprocess
  insize=12948 outsize=938 ok=1
Cmd: preprocess
  insize=13963 outsize=1056 ok=1
Cmd: preprocess
  insize=14365 outsize=1061 ok=1
Cmd: preprocess
  insize=14736 outsize=1065 ok=1
Cmd: preprocess
  insize=4159 outsize=357 ok=1
Cmd: preprocess
  insize=5252 outsize=347 ok=1
Cmd: preprocess
  insize=7916 outsize=584 ok=1
Cmd: preprocess
  insize=12636 outsize=820 ok=1
Cmd: preprocess
  insize=13651 outsize=938 ok=1
Cmd: preprocess
  insize=14053 outsize=943 ok=1
Cmd: preprocess
  insize=14424 outsize=947 ok=1
Cmd: preprocess
  insize=4471 outsize=477 ok=1
Cmd: preprocess
  insize=4471 outsize=477 ok=1
Cmd: preprocess
  insize=4471 outsize=477 ok=1
Cmd: preprocess
  insize=4471 outsize=476 ok=1
Cmd: preprocess
  insize=5876 outsize=583 ok=1
Cmd: preprocess
  insize=8540 outsize=820 ok=1
Cmd: preprocess
  insize=13884 outsize=1292 ok=1
Cmd: preprocess
  insize=14899 outsize=1410 ok=1
Cmd: preprocess
  insize=15301 outsize=1415 ok=1
Cmd: preprocess
  insize=15672 outsize=1419 ok=1
Cmd: preprocess
  insize=5876 outsize=583 ok=1
Cmd: preprocess
  insize=8548 outsize=820 ok=1
Cmd: preprocess
  insize=125139 outsize=6135 ok=1
Cmd: compileSnippet
  api=4 type=0 insize=18604 outsize=810 kw=UNITY_PASS_SHADOWCASTER pd=UNITY_ENABLE_REFLECTION_BUFFERS UNITY_USE_DITHER_MASK_FOR_ALPHABLENDED_SHADOWS UNITY_PBS_USE_BRDF1 UNITY_SPECCUBE_BOX_PROJECTION UNITY_SPECCUBE_BLENDING UNITY_ENABLE_DETAIL_NORMALMAP SHADER_API_DESKTOP UNITY_LIGHT_PROBE_PROXY_VOLUME UNITY_LIGHTMAP_FULL_HDR ok=1
Cmd: compileSnippet
  api=4 type=1 insize=18604 outsize=142 kw=UNITY_PASS_SHADOWCASTER pd=UNITY_ENABLE_REFLECTION_BUFFERS UNITY_USE_DITHER_MASK_FOR_ALPHABLENDED_SHADOWS UNITY_PBS_USE_BRDF1 UNITY_SPECCUBE_BOX_PROJECTION UNITY_SPECCUBE_BLENDING UNITY_ENABLE_DETAIL_NORMALMAP SHADER_API_DESKTOP UNITY_LIGHT_PROBE_PROXY_VOLUME UNITY_LIGHTMAP_FULL_HDR ok=1
Cmd: compileSnippet
  api=4 type=0 insize=23218 outsize=838 kw=UNITY_PASS_META pd=UNITY_ENABLE_REFLECTION_BUFFERS UNITY_USE_DITHER_MASK_FOR_ALPHABLENDED_SHADOWS UNITY_PBS_USE_BRDF1 UNITY_SPECCUBE_BOX_PROJECTION UNITY_SPECCUBE_BLENDING UNITY_ENABLE_DETAIL_NORMALMAP SHADER_API_DESKTOP UNITY_LIGHT_PROBE_PROXY_VOLUME UNITY_LIGHTMAP_FULL_HDR ok=1
Cmd: compileSnippet
  api=4 type=1 insize=23218 outsize=410 kw=UNITY_PASS_META pd=UNITY_ENABLE_REFLECTION_BUFFERS UNITY_USE_DITHER_MASK_FOR_ALPHABLENDED_SHADOWS UNITY_PBS_USE_BRDF1 UNITY_SPECCUBE_BOX_PROJECTION UNITY_SPECCUBE_BLENDING UNITY_ENABLE_DETAIL_NORMALMAP SHADER_API_DESKTOP UNITY_LIGHT_PROBE_PROXY_VOLUME UNITY_LIGHTMAP_FULL_HDR ok=1
Cmd: compileSnippet
  api=4 type=0 insize=18702 outsize=810 kw= pd=UNITY_ENABLE_REFLECTION_BUFFERS UNITY_USE_DITHER_MASK_FOR_ALPHABLENDED_SHADOWS UNITY_PBS_USE_BRDF1 UNITY_SPECCUBE_BOX_PROJECTION UNITY_SPECCUBE_BLENDING UNITY_ENABLE_DETAIL_NORMALMAP SHADER_API_DESKTOP UNITY_LIGHT_PROBE_PROXY_VOLUME UNITY_LIGHTMAP_FULL_HDR ok=1
Cmd: compileSnippet
  api=4 type=1 insize=18702 outsize=262 kw= pd=UNITY_ENABLE_REFLECTION_BUFFERS UNITY_USE_DITHER_MASK_FOR_ALPHABLENDED_SHADOWS UNITY_PBS_USE_BRDF1 UNITY_SPECCUBE_BOX_PROJECTION UNITY_SPECCUBE_BLENDING UNITY_ENABLE_DETAIL_NORMALMAP SHADER_API_DESKTOP UNITY_LIGHT_PROBE_PROXY_VOLUME UNITY_LIGHTMAP_FULL_HDR ok=1
Cmd: compileSnippet
  api=4 type=0 insize=18669 outsize=810 kw= pd=UNITY_ENABLE_REFLECTION_BUFFERS UNITY_USE_DITHER_MASK_FOR_ALPHABLENDED_SHADOWS UNITY_PBS_USE_BRDF1 UNITY_SPECCUBE_BOX_PROJECTION UNITY_SPECCUBE_BLENDING UNITY_ENABLE_DETAIL_NORMALMAP SHADER_API_DESKTOP UNITY_LIGHT_PROBE_PROXY_VOLUME UNITY_LIGHTMAP_FULL_HDR ok=1
Cmd: compileSnippet
  api=4 type=1 insize=18669 outsize=142 kw= pd=UNITY_ENABLE_REFLECTION_BUFFERS UNITY_USE_DITHER_MASK_FOR_ALPHABLENDED_SHADOWS UNITY_PBS_USE_BRDF1 UNITY_SPECCUBE_BOX_PROJECTION UNITY_SPECCUBE_BLENDING UNITY_ENABLE_DETAIL_NORMALMAP SHADER_API_DESKTOP UNITY_LIGHT_PROBE_PROXY_VOLUME UNITY_LIGHTMAP_FULL_HDR ok=1
Cmd: compileSnippet
  api=4 type=0 insize=19025 outsize=1834 kw=UNITY_PASS_MOTIONVECTORS pd=UNITY_ENABLE_REFLECTION_BUFFERS UNITY_USE_DITHER_MASK_FOR_ALPHABLENDED_SHADOWS UNITY_PBS_USE_BRDF1 UNITY_SPECCUBE_BOX_PROJECTION UNITY_SPECCUBE_BLENDING UNITY_ENABLE_DETAIL_NORMALMAP SHADER_API_DESKTOP UNITY_LIGHT_PROBE_PROXY_VOLUME UNITY_LIGHTMAP_FULL_HDR ok=1
Cmd: compileSnippet
  api=4 type=1 insize=19025 outsize=562 kw=UNITY_PASS_MOTIONVECTORS pd=UNITY_ENABLE_REFLECTION_BUFFERS UNITY_USE_DITHER_MASK_FOR_ALPHABLENDED_SHADOWS UNITY_PBS_USE_BRDF1 UNITY_SPECCUBE_BOX_PROJECTION UNITY_SPECCUBE_BLENDING UNITY_ENABLE_DETAIL_NORMALMAP SHADER_API_DESKTOP UNITY_LIGHT_PROBE_PROXY_VOLUME UNITY_LIGHTMAP_FULL_HDR ok=1
Cmd: compileSnippet
  api=4 type=0 insize=22819 outsize=922 kw= pd=UNITY_ENABLE_REFLECTION_BUFFERS UNITY_USE_DITHER_MASK_FOR_ALPHABLENDED_SHADOWS UNITY_PBS_USE_BRDF1 UNITY_SPECCUBE_BOX_PROJECTION UNITY_SPECCUBE_BLENDING UNITY_ENABLE_DETAIL_NORMALMAP SHADER_API_DESKTOP UNITY_LIGHT_PROBE_PROXY_VOLUME UNITY_LIGHTMAP_FULL_HDR ok=1
Cmd: compileSnippet
  api=4 type=1 insize=22819 outsize=890 kw= pd=UNITY_ENABLE_REFLECTION_BUFFERS UNITY_USE_DITHER_MASK_FOR_ALPHABLENDED_SHADOWS UNITY_PBS_USE_BRDF1 UNITY_SPECCUBE_BOX_PROJECTION UNITY_SPECCUBE_BLENDING UNITY_ENABLE_DETAIL_NORMALMAP SHADER_API_DESKTOP UNITY_LIGHT_PROBE_PROXY_VOLUME UNITY_LIGHTMAP_FULL_HDR ok=1
Cmd: preprocess
  insize=3284 outsize=356 ok=1
Cmd: preprocess
  insize=15173 outsize=1413 ok=1
Cmd: preprocess
  insize=15596 outsize=1417 ok=1
Cmd: preprocess
  insize=15596 outsize=1417 ok=1
Cmd: preprocess
  insize=15596 outsize=1417 ok=1
Cmd: preprocess
  insize=15596 outsize=1417 ok=1
Cmd: preprocess
  insize=15596 outsize=1417 ok=1
Cmd: preprocess
  insize=17681 outsize=1414 ok=1
Cmd: preprocess
  insize=153478 outsize=7005 ok=1
Cmd: preprocess
  insize=16117 outsize=1414 ok=1
Cmd: preprocess
  insize=16117 outsize=1414 ok=1
Cmd: preprocess
  insize=4248 outsize=467 ok=1
Cmd: preprocess
  insize=4671 outsize=472 ok=1
Cmd: preprocess
  insize=4671 outsize=472 ok=1
Cmd: preprocess
  insize=4671 outsize=471 ok=1
Cmd: preprocess
  insize=4671 outsize=472 ok=1
Cmd: preprocess
  insize=4671 outsize=472 ok=1
Cmd: preprocess
  insize=6756 outsize=470 ok=1
Cmd: preprocess
  insize=128732 outsize=6126 ok=1
Cmd: preprocess
  insize=5192 outsize=468 ok=1
Cmd: preprocess
  insize=5192 outsize=469 ok=1
Cmd: preprocess
  insize=125139 outsize=6134 ok=1
Cmd: compileSnippet
  api=4 type=0 insize=23218 outsize=838 kw=UNITY_PASS_META pd=UNITY_ENABLE_REFLECTION_BUFFERS UNITY_USE_DITHER_MASK_FOR_ALPHABLENDED_SHADOWS UNITY_PBS_USE_BRDF1 UNITY_SPECCUBE_BOX_PROJECTION UNITY_SPECCUBE_BLENDING UNITY_ENABLE_DETAIL_NORMALMAP SHADER_API_DESKTOP UNITY_LIGHT_PROBE_PROXY_VOLUME UNITY_LIGHTMAP_FULL_HDR ok=1
Cmd: compileSnippet
  api=4 type=1 insize=23218 outsize=410 kw=UNITY_PASS_META pd=UNITY_ENABLE_REFLECTION_BUFFERS UNITY_USE_DITHER_MASK_FOR_ALPHABLENDED_SHADOWS UNITY_PBS_USE_BRDF1 UNITY_SPECCUBE_BOX_PROJECTION UNITY_SPECCUBE_BLENDING UNITY_ENABLE_DETAIL_NORMALMAP SHADER_API_DESKTOP UNITY_LIGHT_PROBE_PROXY_VOLUME UNITY_LIGHTMAP_FULL_HDR ok=1
Cmd: compileSnippet
  api=4 type=0 insize=22819 outsize=922 kw= pd=UNITY_ENABLE_REFLECTION_BUFFERS UNITY_USE_DITHER_MASK_FOR_ALPHABLENDED_SHADOWS UNITY_PBS_USE_BRDF1 UNITY_SPECCUBE_BOX_PROJECTION UNITY_SPECCUBE_BLENDING UNITY_ENABLE_DETAIL_NORMALMAP SHADER_API_DESKTOP UNITY_LIGHT_PROBE_PROXY_VOLUME UNITY_LIGHTMAP_FULL_HDR ok=1
Cmd: compileSnippet
  api=4 type=1 insize=22819 outsize=890 kw= pd=UNITY_ENABLE_REFLECTION_BUFFERS UNITY_USE_DITHER_MASK_FOR_ALPHABLENDED_SHADOWS UNITY_PBS_USE_BRDF1 UNITY_SPECCUBE_BOX_PROJECTION UNITY_SPECCUBE_BLENDING UNITY_ENABLE_DETAIL_NORMALMAP SHADER_API_DESKTOP UNITY_LIGHT_PROBE_PROXY_VOLUME UNITY_LIGHTMAP_FULL_HDR ok=1
Cmd: preprocess
  insize=771 outsize=196 ok=1
Cmd: preprocess
  insize=771 outsize=196 ok=1
Cmd: preprocess
  insize=771 outsize=196 ok=1
Cmd: preprocess
  insize=771 outsize=196 ok=1
Cmd: preprocess
  insize=771 outsize=196 ok=1
Cmd: preprocess
  insize=771 outsize=196 ok=1
Cmd: preprocess
  insize=771 outsize=196 ok=1
Cmd: preprocess
  insize=771 outsize=196 ok=1
Cmd: preprocess
  insize=771 outsize=196 ok=1
Cmd: preprocess
  insize=771 outsize=196 ok=1
Cmd: preprocess
  insize=771 outsize=196 ok=1
Cmd: preprocess
  insize=771 outsize=196 ok=1
Cmd: preprocess
  insize=771 outsize=196 ok=1
Cmd: preprocess
  insize=771 outsize=196 ok=1
Cmd: preprocess
  insize=771 outsize=196 ok=1
Cmd: preprocess
  insize=771 outsize=196 ok=1
Cmd: preprocess
  insize=771 outsize=196 ok=1
Cmd: preprocess
  insize=771 outsize=196 ok=1
Cmd: preprocess
  insize=771 outsize=196 ok=1
Cmd: preprocess
  insize=771 outsize=196 ok=1
Cmd: preprocess
  insize=771 outsize=196 ok=1
Cmd: preprocess
  insize=771 outsize=196 ok=1
Cmd: preprocess
  insize=771 outsize=196 ok=1
Cmd: preprocess
  insize=771 outsize=196 ok=1
Cmd: preprocess
  insize=771 outsize=196 ok=1
Cmd: preprocess
  insize=771 outsize=196 ok=1
Cmd: preprocess
  insize=771 outsize=196 ok=1
Cmd: preprocess
  insize=771 outsize=196 ok=1
Cmd: preprocess
  insize=771 outsize=196 ok=1
Cmd: preprocess
  insize=771 outsize=196 ok=1
Cmd: preprocess
  insize=771 outsize=196 ok=1
Cmd: preprocess
  insize=771 outsize=196 ok=1
Cmd: preprocess
  insize=771 outsize=196 ok=1
Cmd: preprocess
  insize=771 outsize=196 ok=1
Cmd: preprocess
  insize=771 outsize=196 ok=1
Cmd: preprocess
  insize=4248 outsize=467 ok=1
Cmd: preprocess
  insize=14899 outsize=1410 ok=1
Cmd: preprocess
  insize=13884 outsize=1292 ok=1
Cmd: preprocess
  insize=8548 outsize=820 ok=1
Cmd: preprocess
  insize=8540 outsize=820 ok=1
Cmd: preprocess
  insize=5876 outsize=583 ok=1
Cmd: preprocess
  insize=3597 outsize=359 ok=1
Cmd: preprocess
  insize=4471 outsize=476 ok=1
Cmd: preprocess
  insize=3597 outsize=359 ok=1
Cmd: preprocess
  insize=4471 outsize=477 ok=1
Cmd: preprocess
  insize=5868 outsize=583 ok=1
Cmd: preprocess
  insize=3588 outsize=358 ok=1
Cmd: preprocess
  insize=4463 outsize=477 ok=1
Cmd: preprocess
  insize=3597 outsize=359 ok=1
Cmd: preprocess
  insize=4471 outsize=476 ok=1
Cmd: preprocess
  insize=5876 outsize=583 ok=1
Cmd: preprocess
  insize=3597 outsize=359 ok=1
Cmd: preprocess
  insize=4471 outsize=477 ok=1
Cmd: preprocess
  insize=3597 outsize=359 ok=1
Cmd: preprocess
  insize=4471 outsize=477 ok=1
Cmd: preprocess
  insize=3597 outsize=359 ok=1
Cmd: preprocess
  insize=5876 outsize=583 ok=1
Cmd: preprocess
  insize=4471 outsize=477 ok=1
Cmd: preprocess
  insize=4471 outsize=477 ok=1
Cmd: preprocess
  insize=3597 outsize=359 ok=1
Cmd: preprocess
  insize=6756 outsize=470 ok=1
Cmd: preprocess
  insize=5192 outsize=469 ok=1
Cmd: preprocess
  insize=4671 outsize=472 ok=1
Cmd: preprocess
  insize=4671 outsize=472 ok=1
Cmd: preprocess
  insize=5192 outsize=468 ok=1
Cmd: preprocess
  insize=4671 outsize=471 ok=1
Cmd: preprocess
  insize=4671 outsize=472 ok=1
Cmd: preprocess
  insize=4671 outsize=472 ok=1
Cmd: preprocess
  insize=4002 outsize=477 ok=1
Cmd: preprocess
  insize=128732 outsize=6126 ok=1
Cmd: preprocess
  insize=125139 outsize=6134 ok=1
Cmd: compileSnippet
  api=4 type=0 insize=18604 outsize=1082 kw=UNITY_PASS_SHADOWCASTER INSTANCING_ON pd=UNITY_ENABLE_REFLECTION_BUFFERS UNITY_USE_DITHER_MASK_FOR_ALPHABLENDED_SHADOWS UNITY_PBS_USE_BRDF1 UNITY_SPECCUBE_BOX_PROJECTION UNITY_SPECCUBE_BLENDING UNITY_ENABLE_DETAIL_NORMALMAP SHADER_API_DESKTOP UNITY_LIGHT_PROBE_PROXY_VOLUME UNITY_LIGHTMAP_FULL_HDR ok=1
Cmd: compileSnippet
  api=4 type=1 insize=18604 outsize=186 kw=UNITY_PASS_SHADOWCASTER INSTANCING_ON pd=UNITY_ENABLE_REFLECTION_BUFFERS UNITY_USE_DITHER_MASK_FOR_ALPHABLENDED_SHADOWS UNITY_PBS_USE_BRDF1 UNITY_SPECCUBE_BOX_PROJECTION UNITY_SPECCUBE_BLENDING UNITY_ENABLE_DETAIL_NORMALMAP SHADER_API_DESKTOP UNITY_LIGHT_PROBE_PROXY_VOLUME UNITY_LIGHTMAP_FULL_HDR ok=1
Cmd: compileSnippet
  api=4 type=0 insize=18669 outsize=1082 kw=INSTANCING_ON pd=UNITY_ENABLE_REFLECTION_BUFFERS UNITY_USE_DITHER_MASK_FOR_ALPHABLENDED_SHADOWS UNITY_PBS_USE_BRDF1 UNITY_SPECCUBE_BOX_PROJECTION UNITY_SPECCUBE_BLENDING UNITY_ENABLE_DETAIL_NORMALMAP SHADER_API_DESKTOP UNITY_LIGHT_PROBE_PROXY_VOLUME UNITY_LIGHTMAP_FULL_HDR ok=1
Cmd: compileSnippet
  api=4 type=1 insize=18669 outsize=186 kw=INSTANCING_ON pd=UNITY_ENABLE_REFLECTION_BUFFERS UNITY_USE_DITHER_MASK_FOR_ALPHABLENDED_SHADOWS UNITY_PBS_USE_BRDF1 UNITY_SPECCUBE_BOX_PROJECTION UNITY_SPECCUBE_BLENDING UNITY_ENABLE_DETAIL_NORMALMAP SHADER_API_DESKTOP UNITY_LIGHT_PROBE_PROXY_VOLUME UNITY_LIGHTMAP_FULL_HDR ok=1
Cmd: compileSnippet
  api=4 type=0 insize=22819 outsize=1190 kw=INSTANCING_ON pd=UNITY_ENABLE_REFLECTION_BUFFERS UNITY_USE_DITHER_MASK_FOR_ALPHABLENDED_SHADOWS UNITY_PBS_USE_BRDF1 UNITY_SPECCUBE_BOX_PROJECTION UNITY_SPECCUBE_BLENDING UNITY_ENABLE_DETAIL_NORMALMAP SHADER_API_DESKTOP UNITY_LIGHT_PROBE_PROXY_VOLUME UNITY_LIGHTMAP_FULL_HDR ok=1
Cmd: compileSnippet
  api=4 type=1 insize=22819 outsize=930 kw=INSTANCING_ON pd=UNITY_ENABLE_REFLECTION_BUFFERS UNITY_USE_DITHER_MASK_FOR_ALPHABLENDED_SHADOWS UNITY_PBS_USE_BRDF1 UNITY_SPECCUBE_BOX_PROJECTION UNITY_SPECCUBE_BLENDING UNITY_ENABLE_DETAIL_NORMALMAP SHADER_API_DESKTOP UNITY_LIGHT_PROBE_PROXY_VOLUME UNITY_LIGHTMAP_FULL_HDR ok=1
Cmd: preprocess
  insize=771 outsize=196 ok=1
Cmd: preprocess
  insize=771 outsize=196 ok=1
Cmd: preprocess
  insize=771 outsize=196 ok=1
Cmd: preprocess
  insize=771 outsize=196 ok=1
Cmd: preprocess
  insize=771 outsize=196 ok=1
Cmd: preprocess
  insize=771 outsize=196 ok=1
Cmd: preprocess
  insize=771 outsize=196 ok=1
Cmd: preprocess
  insize=771 outsize=196 ok=1
Cmd: preprocess
  insize=771 outsize=196 ok=1
Cmd: preprocess
  insize=771 outsize=196 ok=1
Cmd: preprocess
  insize=771 outsize=196 ok=1
Cmd: preprocess
  insize=771 outsize=196 ok=1
Cmd: preprocess
  insize=771 outsize=196 ok=1
Cmd: preprocess
  insize=771 outsize=196 ok=1
Cmd: preprocess
  insize=771 outsize=196 ok=1
Cmd: preprocess
  insize=771 outsize=196 ok=1
Cmd: preprocess
  insize=771 outsize=196 ok=1
Cmd: preprocess
  insize=771 outsize=196 ok=1
Cmd: preprocess
  insize=771 outsize=196 ok=1
Cmd: preprocess
  insize=771 outsize=196 ok=1
Cmd: preprocess
  insize=771 outsize=196 ok=1
Cmd: preprocess
  insize=771 outsize=196 ok=1
Cmd: preprocess
  insize=771 outsize=196 ok=1
Cmd: preprocess
  insize=771 outsize=196 ok=1
Cmd: preprocess
  insize=771 outsize=196 ok=1
Cmd: preprocess
  insize=771 outsize=196 ok=1
Cmd: preprocess
  insize=771 outsize=196 ok=1
Cmd: preprocess
  insize=771 outsize=196 ok=1
Cmd: preprocess
  insize=771 outsize=196 ok=1
Cmd: preprocess
  insize=771 outsize=196 ok=1
Cmd: preprocess
  insize=771 outsize=196 ok=1
Cmd: preprocess
  insize=771 outsize=196 ok=1
Cmd: preprocess
  insize=771 outsize=196 ok=1
Cmd: preprocess
  insize=771 outsize=196 ok=1
Cmd: preprocess
  insize=771 outsize=196 ok=1
Cmd: preprocess
  insize=4248 outsize=467 ok=1
Cmd: preprocess
  insize=14899 outsize=1410 ok=1
Cmd: preprocess
  insize=13884 outsize=1292 ok=1
Cmd: preprocess
  insize=8548 outsize=820 ok=1
Cmd: preprocess
  insize=8540 outsize=820 ok=1
Cmd: preprocess
  insize=5876 outsize=583 ok=1
Cmd: preprocess
  insize=3597 outsize=359 ok=1
Cmd: preprocess
  insize=4471 outsize=476 ok=1
Cmd: preprocess
  insize=3597 outsize=359 ok=1
Cmd: preprocess
  insize=4471 outsize=477 ok=1
Cmd: preprocess
  insize=5868 outsize=583 ok=1
Cmd: preprocess
  insize=3588 outsize=358 ok=1
Cmd: preprocess
  insize=4463 outsize=477 ok=1
Cmd: preprocess
  insize=3597 outsize=359 ok=1
Cmd: preprocess
  insize=4471 outsize=476 ok=1
Cmd: preprocess
  insize=5876 outsize=583 ok=1
Cmd: preprocess
  insize=3597 outsize=359 ok=1
Cmd: preprocess
  insize=4471 outsize=477 ok=1
Cmd: preprocess
  insize=3597 outsize=359 ok=1
Cmd: preprocess
  insize=4471 outsize=477 ok=1
Cmd: preprocess
  insize=3597 outsize=359 ok=1
Cmd: preprocess
  insize=5876 outsize=583 ok=1
Cmd: preprocess
  insize=4471 outsize=477 ok=1
Cmd: preprocess
  insize=4471 outsize=477 ok=1
Cmd: preprocess
  insize=3597 outsize=359 ok=1
Cmd: preprocess
  insize=6756 outsize=470 ok=1
Cmd: preprocess
  insize=5192 outsize=469 ok=1
Cmd: preprocess
  insize=4671 outsize=472 ok=1
Cmd: preprocess
  insize=4671 outsize=472 ok=1
Cmd: preprocess
  insize=5192 outsize=468 ok=1
Cmd: preprocess
  insize=4671 outsize=471 ok=1
Cmd: preprocess
  insize=4671 outsize=472 ok=1
Cmd: preprocess
  insize=4671 outsize=472 ok=1
Cmd: preprocess
  insize=4002 outsize=477 ok=1
Cmd: preprocess
  insize=128732 outsize=6126 ok=1
Cmd: preprocess
  insize=125139 outsize=6134 ok=1
Cmd: preprocess
  insize=124323 outsize=6069 ok=1
Cmd: compileSnippet
  api=4 type=0 insize=23093 outsize=838 kw=UNITY_PASS_META pd=UNITY_ENABLE_REFLECTION_BUFFERS UNITY_USE_DITHER_MASK_FOR_ALPHABLENDED_SHADOWS UNITY_PBS_USE_BRDF1 UNITY_SPECCUBE_BOX_PROJECTION UNITY_SPECCUBE_BLENDING UNITY_ENABLE_DETAIL_NORMALMAP SHADER_API_DESKTOP UNITY_LIGHT_PROBE_PROXY_VOLUME UNITY_LIGHTMAP_FULL_HDR ok=1
Cmd: compileSnippet
  api=4 type=1 insize=23093 outsize=410 kw=UNITY_PASS_META pd=UNITY_ENABLE_REFLECTION_BUFFERS UNITY_USE_DITHER_MASK_FOR_ALPHABLENDED_SHADOWS UNITY_PBS_USE_BRDF1 UNITY_SPECCUBE_BOX_PROJECTION UNITY_SPECCUBE_BLENDING UNITY_ENABLE_DETAIL_NORMALMAP SHADER_API_DESKTOP UNITY_LIGHT_PROBE_PROXY_VOLUME UNITY_LIGHTMAP_FULL_HDR ok=1
Cmd: compileSnippet
  api=4 type=0 insize=18577 outsize=810 kw= pd=UNITY_ENABLE_REFLECTION_BUFFERS UNITY_USE_DITHER_MASK_FOR_ALPHABLENDED_SHADOWS UNITY_PBS_USE_BRDF1 UNITY_SPECCUBE_BOX_PROJECTION UNITY_SPECCUBE_BLENDING UNITY_ENABLE_DETAIL_NORMALMAP SHADER_API_DESKTOP UNITY_LIGHT_PROBE_PROXY_VOLUME UNITY_LIGHTMAP_FULL_HDR ok=1
Cmd: compileSnippet
  api=4 type=1 insize=18577 outsize=262 kw= pd=UNITY_ENABLE_REFLECTION_BUFFERS UNITY_USE_DITHER_MASK_FOR_ALPHABLENDED_SHADOWS UNITY_PBS_USE_BRDF1 UNITY_SPECCUBE_BOX_PROJECTION UNITY_SPECCUBE_BLENDING UNITY_ENABLE_DETAIL_NORMALMAP SHADER_API_DESKTOP UNITY_LIGHT_PROBE_PROXY_VOLUME UNITY_LIGHTMAP_FULL_HDR ok=1
Cmd: compileSnippet
  api=4 type=0 insize=18544 outsize=810 kw= pd=UNITY_ENABLE_REFLECTION_BUFFERS UNITY_USE_DITHER_MASK_FOR_ALPHABLENDED_SHADOWS UNITY_PBS_USE_BRDF1 UNITY_SPECCUBE_BOX_PROJECTION UNITY_SPECCUBE_BLENDING UNITY_ENABLE_DETAIL_NORMALMAP SHADER_API_DESKTOP UNITY_LIGHT_PROBE_PROXY_VOLUME UNITY_LIGHTMAP_FULL_HDR ok=1
Cmd: compileSnippet
  api=4 type=1 insize=18544 outsize=142 kw= pd=UNITY_ENABLE_REFLECTION_BUFFERS UNITY_USE_DITHER_MASK_FOR_ALPHABLENDED_SHADOWS UNITY_PBS_USE_BRDF1 UNITY_SPECCUBE_BOX_PROJECTION UNITY_SPECCUBE_BLENDING UNITY_ENABLE_DETAIL_NORMALMAP SHADER_API_DESKTOP UNITY_LIGHT_PROBE_PROXY_VOLUME UNITY_LIGHTMAP_FULL_HDR ok=1
Cmd: compileSnippet
  api=4 type=0 insize=18900 outsize=1834 kw=UNITY_PASS_MOTIONVECTORS pd=UNITY_ENABLE_REFLECTION_BUFFERS UNITY_USE_DITHER_MASK_FOR_ALPHABLENDED_SHADOWS UNITY_PBS_USE_BRDF1 UNITY_SPECCUBE_BOX_PROJECTION UNITY_SPECCUBE_BLENDING UNITY_ENABLE_DETAIL_NORMALMAP SHADER_API_DESKTOP UNITY_LIGHT_PROBE_PROXY_VOLUME UNITY_LIGHTMAP_FULL_HDR ok=1
Cmd: compileSnippet
  api=4 type=1 insize=18900 outsize=562 kw=UNITY_PASS_MOTIONVECTORS pd=UNITY_ENABLE_REFLECTION_BUFFERS UNITY_USE_DITHER_MASK_FOR_ALPHABLENDED_SHADOWS UNITY_PBS_USE_BRDF1 UNITY_SPECCUBE_BOX_PROJECTION UNITY_SPECCUBE_BLENDING UNITY_ENABLE_DETAIL_NORMALMAP SHADER_API_DESKTOP UNITY_LIGHT_PROBE_PROXY_VOLUME UNITY_LIGHTMAP_FULL_HDR ok=1
Cmd: compileSnippet
  api=4 type=0 insize=22694 outsize=922 kw= pd=UNITY_ENABLE_REFLECTION_BUFFERS UNITY_USE_DITHER_MASK_FOR_ALPHABLENDED_SHADOWS UNITY_PBS_USE_BRDF1 UNITY_SPECCUBE_BOX_PROJECTION UNITY_SPECCUBE_BLENDING UNITY_ENABLE_DETAIL_NORMALMAP SHADER_API_DESKTOP UNITY_LIGHT_PROBE_PROXY_VOLUME UNITY_LIGHTMAP_FULL_HDR ok=1
Cmd: compileSnippet
  api=4 type=1 insize=22694 outsize=890 kw= pd=UNITY_ENABLE_REFLECTION_BUFFERS UNITY_USE_DITHER_MASK_FOR_ALPHABLENDED_SHADOWS UNITY_PBS_USE_BRDF1 UNITY_SPECCUBE_BOX_PROJECTION UNITY_SPECCUBE_BLENDING UNITY_ENABLE_DETAIL_NORMALMAP SHADER_API_DESKTOP UNITY_LIGHT_PROBE_PROXY_VOLUME UNITY_LIGHTMAP_FULL_HDR ok=1
Cmd: compileSnippet
  api=4 type=0 insize=18479 outsize=1082 kw=UNITY_PASS_SHADOWCASTER INSTANCING_ON pd=UNITY_ENABLE_REFLECTION_BUFFERS UNITY_USE_DITHER_MASK_FOR_ALPHABLENDED_SHADOWS UNITY_PBS_USE_BRDF1 UNITY_SPECCUBE_BOX_PROJECTION UNITY_SPECCUBE_BLENDING UNITY_ENABLE_DETAIL_NORMALMAP SHADER_API_DESKTOP UNITY_LIGHT_PROBE_PROXY_VOLUME UNITY_LIGHTMAP_FULL_HDR ok=1
Cmd: compileSnippet
  api=4 type=1 insize=18479 outsize=186 kw=UNITY_PASS_SHADOWCASTER INSTANCING_ON pd=UNITY_ENABLE_REFLECTION_BUFFERS UNITY_USE_DITHER_MASK_FOR_ALPHABLENDED_SHADOWS UNITY_PBS_USE_BRDF1 UNITY_SPECCUBE_BOX_PROJECTION UNITY_SPECCUBE_BLENDING UNITY_ENABLE_DETAIL_NORMALMAP SHADER_API_DESKTOP UNITY_LIGHT_PROBE_PROXY_VOLUME UNITY_LIGHTMAP_FULL_HDR ok=1
